Performing C SOURCE FILE Test CMAKE_HAVE_LIBC_PTHREAD failed with the following output:
Change Dir: /home/i-use-gentoo-btw/Documents/UntitledVulkanGameEngine/cmake-build-relwithdebinfo/CMakeFiles/CMakeTmp

Run Build Command(s):/usr/bin/gmake -f Makefile cmTC_4c584/fast && /usr/bin/gmake  -f CMakeFiles/cmTC_4c584.dir/build.make CMakeFiles/cmTC_4c584.dir/build
gmake[1]: Entering directory '/home/i-use-gentoo-btw/Documents/UntitledVulkanGameEngine/cmake-build-relwithdebinfo/CMakeFiles/CMakeTmp'
Building C object CMakeFiles/cmTC_4c584.dir/src.c.o
/usr/bin/cc -DCMAKE_HAVE_LIBC_PTHREAD   -o CMakeFiles/cmTC_4c584.dir/src.c.o -c /home/i-use-gentoo-btw/Documents/UntitledVulkanGameEngine/cmake-build-relwithdebinfo/CMakeFiles/CMakeTmp/src.c
Linking C executable cmTC_4c584
/opt/clion/bin/cmake/linux/bin/cmake -E cmake_link_script CMakeFiles/cmTC_4c584.dir/link.txt --verbose=1
/usr/bin/cc CMakeFiles/cmTC_4c584.dir/src.c.o -o cmTC_4c584 
/usr/lib/gcc/x86_64-pc-linux-gnu/9.2.0/../../../../x86_64-pc-linux-gnu/bin/ld: CMakeFiles/cmTC_4c584.dir/src.c.o: in function `main':
src.c:(.text+0x3e): undefined reference to `pthread_create'
/usr/lib/gcc/x86_64-pc-linux-gnu/9.2.0/../../../../x86_64-pc-linux-gnu/bin/ld: src.c:(.text+0x4a): undefined reference to `pthread_detach'
/usr/lib/gcc/x86_64-pc-linux-gnu/9.2.0/../../../../x86_64-pc-linux-gnu/bin/ld: src.c:(.text+0x56): undefined reference to `pthread_cancel'
/usr/lib/gcc/x86_64-pc-linux-gnu/9.2.0/../../../../x86_64-pc-linux-gnu/bin/ld: src.c:(.text+0x67): undefined reference to `pthread_join'
collect2: error: ld returned 1 exit status
gmake[1]: *** [CMakeFiles/cmTC_4c584.dir/build.make:99: cmTC_4c584] Error 1
gmake[1]: Leaving directory '/home/i-use-gentoo-btw/Documents/UntitledVulkanGameEngine/cmake-build-relwithdebinfo/CMakeFiles/CMakeTmp'
gmake: *** [Makefile:127: cmTC_4c584/fast] Error 2


Source file was:
#include <pthread.h>

static void* test_func(void* data)
{
  return data;
}

int main(void)
{
  pthread_t thread;
  pthread_create(&thread, NULL, test_func, NULL);
  pthread_detach(thread);
  pthread_cancel(thread);
  pthread_join(thread, NULL);
  pthread_atfork(NULL, NULL, NULL);
  pthread_exit(NULL);

  return 0;
}

Determining if the function pthread_create exists in the pthreads failed with the following output:
Change Dir: /home/i-use-gentoo-btw/Documents/UntitledVulkanGameEngine/cmake-build-relwithdebinfo/CMakeFiles/CMakeTmp

Run Build Command(s):/usr/bin/gmake -f Makefile cmTC_62837/fast && /usr/bin/gmake  -f CMakeFiles/cmTC_62837.dir/build.make CMakeFiles/cmTC_62837.dir/build
gmake[1]: Entering directory '/home/i-use-gentoo-btw/Documents/UntitledVulkanGameEngine/cmake-build-relwithdebinfo/CMakeFiles/CMakeTmp'
Building C object CMakeFiles/cmTC_62837.dir/CheckFunctionExists.c.o
/usr/bin/cc   -DCHECK_FUNCTION_EXISTS=pthread_create -o CMakeFiles/cmTC_62837.dir/CheckFunctionExists.c.o -c /opt/clion/bin/cmake/linux/share/cmake-3.20/Modules/CheckFunctionExists.c
Linking C executable cmTC_62837
/opt/clion/bin/cmake/linux/bin/cmake -E cmake_link_script CMakeFiles/cmTC_62837.dir/link.txt --verbose=1
/usr/bin/cc  -DCHECK_FUNCTION_EXISTS=pthread_create CMakeFiles/cmTC_62837.dir/CheckFunctionExists.c.o -o cmTC_62837  -lpthreads 
/usr/lib/gcc/x86_64-pc-linux-gnu/9.2.0/../../../../x86_64-pc-linux-gnu/bin/ld: cannot find -lpthreads
collect2: error: ld returned 1 exit status
gmake[1]: *** [CMakeFiles/cmTC_62837.dir/build.make:99: cmTC_62837] Error 1
gmake[1]: Leaving directory '/home/i-use-gentoo-btw/Documents/UntitledVulkanGameEngine/cmake-build-relwithdebinfo/CMakeFiles/CMakeTmp'
gmake: *** [Makefile:127: cmTC_62837/fast] Error 2



Determining if the function __android_log_print exists in the log failed with the following output:
Change Dir: /home/i-use-gentoo-btw/Documents/UntitledVulkanGameEngine/cmake-build-relwithdebinfo/CMakeFiles/CMakeTmp

Run Build Command(s):/usr/bin/gmake -f Makefile cmTC_d4bb4/fast && /usr/bin/gmake  -f CMakeFiles/cmTC_d4bb4.dir/build.make CMakeFiles/cmTC_d4bb4.dir/build
gmake[1]: Entering directory '/home/i-use-gentoo-btw/Documents/UntitledVulkanGameEngine/cmake-build-relwithdebinfo/CMakeFiles/CMakeTmp'
Building C object CMakeFiles/cmTC_d4bb4.dir/CheckFunctionExists.c.o
/usr/bin/cc   -DCHECK_FUNCTION_EXISTS=__android_log_print -std=gnu11 -o CMakeFiles/cmTC_d4bb4.dir/CheckFunctionExists.c.o -c /opt/clion/bin/cmake/linux/share/cmake-3.20/Modules/CheckFunctionExists.c
Linking C executable cmTC_d4bb4
/opt/clion/bin/cmake/linux/bin/cmake -E cmake_link_script CMakeFiles/cmTC_d4bb4.dir/link.txt --verbose=1
/usr/bin/cc  -DCHECK_FUNCTION_EXISTS=__android_log_print CMakeFiles/cmTC_d4bb4.dir/CheckFunctionExists.c.o -o cmTC_d4bb4  -llog -latomic 
/usr/lib/gcc/x86_64-pc-linux-gnu/9.2.0/../../../../x86_64-pc-linux-gnu/bin/ld: cannot find -llog
collect2: error: ld returned 1 exit status
gmake[1]: *** [CMakeFiles/cmTC_d4bb4.dir/build.make:99: cmTC_d4bb4] Error 1
gmake[1]: Leaving directory '/home/i-use-gentoo-btw/Documents/UntitledVulkanGameEngine/cmake-build-relwithdebinfo/CMakeFiles/CMakeTmp'
gmake: *** [Makefile:127: cmTC_d4bb4/fast] Error 2



Determining if the include file arm_neon.h exists failed with the following output:
Change Dir: /home/i-use-gentoo-btw/Documents/UntitledVulkanGameEngine/cmake-build-relwithdebinfo/CMakeFiles/CMakeTmp

Run Build Command(s):/usr/bin/gmake -f Makefile cmTC_7b060/fast && /usr/bin/gmake  -f CMakeFiles/cmTC_7b060.dir/build.make CMakeFiles/cmTC_7b060.dir/build
gmake[1]: Entering directory '/home/i-use-gentoo-btw/Documents/UntitledVulkanGameEngine/cmake-build-relwithdebinfo/CMakeFiles/CMakeTmp'
Building C object CMakeFiles/cmTC_7b060.dir/CheckIncludeFile.c.o
/usr/bin/cc   -std=gnu11 -o CMakeFiles/cmTC_7b060.dir/CheckIncludeFile.c.o -c /home/i-use-gentoo-btw/Documents/UntitledVulkanGameEngine/cmake-build-relwithdebinfo/CMakeFiles/CMakeTmp/CheckIncludeFile.c
/home/i-use-gentoo-btw/Documents/UntitledVulkanGameEngine/cmake-build-relwithdebinfo/CMakeFiles/CMakeTmp/CheckIncludeFile.c:1:10: fatal error: arm_neon.h: No such file or directory
    1 | #include <arm_neon.h>
      |          ^~~~~~~~~~~~
compilation terminated.
gmake[1]: *** [CMakeFiles/cmTC_7b060.dir/build.make:78: CMakeFiles/cmTC_7b060.dir/CheckIncludeFile.c.o] Error 1
gmake[1]: Leaving directory '/home/i-use-gentoo-btw/Documents/UntitledVulkanGameEngine/cmake-build-relwithdebinfo/CMakeFiles/CMakeTmp'
gmake: *** [Makefile:127: cmTC_7b060/fast] Error 2



Determining if the include file intrin.h exists failed with the following output:
Change Dir: /home/i-use-gentoo-btw/Documents/UntitledVulkanGameEngine/cmake-build-relwithdebinfo/CMakeFiles/CMakeTmp

Run Build Command(s):/usr/bin/gmake -f Makefile cmTC_ebd5b/fast && /usr/bin/gmake  -f CMakeFiles/cmTC_ebd5b.dir/build.make CMakeFiles/cmTC_ebd5b.dir/build
gmake[1]: Entering directory '/home/i-use-gentoo-btw/Documents/UntitledVulkanGameEngine/cmake-build-relwithdebinfo/CMakeFiles/CMakeTmp'
Building C object CMakeFiles/cmTC_ebd5b.dir/CheckIncludeFile.c.o
/usr/bin/cc   -std=gnu11 -o CMakeFiles/cmTC_ebd5b.dir/CheckIncludeFile.c.o -c /home/i-use-gentoo-btw/Documents/UntitledVulkanGameEngine/cmake-build-relwithdebinfo/CMakeFiles/CMakeTmp/CheckIncludeFile.c
/home/i-use-gentoo-btw/Documents/UntitledVulkanGameEngine/cmake-build-relwithdebinfo/CMakeFiles/CMakeTmp/CheckIncludeFile.c:1:10: fatal error: intrin.h: No such file or directory
    1 | #include <intrin.h>
      |          ^~~~~~~~~~
compilation terminated.
gmake[1]: *** [CMakeFiles/cmTC_ebd5b.dir/build.make:78: CMakeFiles/cmTC_ebd5b.dir/CheckIncludeFile.c.o] Error 1
gmake[1]: Leaving directory '/home/i-use-gentoo-btw/Documents/UntitledVulkanGameEngine/cmake-build-relwithdebinfo/CMakeFiles/CMakeTmp'
gmake: *** [Makefile:127: cmTC_ebd5b/fast] Error 2



Determining if the include file guiddef.h exists failed with the following output:
Change Dir: /home/i-use-gentoo-btw/Documents/UntitledVulkanGameEngine/cmake-build-relwithdebinfo/CMakeFiles/CMakeTmp

Run Build Command(s):/usr/bin/gmake -f Makefile cmTC_6ba55/fast && /usr/bin/gmake  -f CMakeFiles/cmTC_6ba55.dir/build.make CMakeFiles/cmTC_6ba55.dir/build
gmake[1]: Entering directory '/home/i-use-gentoo-btw/Documents/UntitledVulkanGameEngine/cmake-build-relwithdebinfo/CMakeFiles/CMakeTmp'
Building C object CMakeFiles/cmTC_6ba55.dir/CheckIncludeFile.c.o
/usr/bin/cc   -std=gnu11 -o CMakeFiles/cmTC_6ba55.dir/CheckIncludeFile.c.o -c /home/i-use-gentoo-btw/Documents/UntitledVulkanGameEngine/cmake-build-relwithdebinfo/CMakeFiles/CMakeTmp/CheckIncludeFile.c
/home/i-use-gentoo-btw/Documents/UntitledVulkanGameEngine/cmake-build-relwithdebinfo/CMakeFiles/CMakeTmp/CheckIncludeFile.c:1:10: fatal error: guiddef.h: No such file or directory
    1 | #include <guiddef.h>
      |          ^~~~~~~~~~~
compilation terminated.
gmake[1]: *** [CMakeFiles/cmTC_6ba55.dir/build.make:78: CMakeFiles/cmTC_6ba55.dir/CheckIncludeFile.c.o] Error 1
gmake[1]: Leaving directory '/home/i-use-gentoo-btw/Documents/UntitledVulkanGameEngine/cmake-build-relwithdebinfo/CMakeFiles/CMakeTmp'
gmake: *** [Makefile:127: cmTC_6ba55/fast] Error 2



Determining if the include file initguid.h exists failed with the following output:
Change Dir: /home/i-use-gentoo-btw/Documents/UntitledVulkanGameEngine/cmake-build-relwithdebinfo/CMakeFiles/CMakeTmp

Run Build Command(s):/usr/bin/gmake -f Makefile cmTC_38de0/fast && /usr/bin/gmake  -f CMakeFiles/cmTC_38de0.dir/build.make CMakeFiles/cmTC_38de0.dir/build
gmake[1]: Entering directory '/home/i-use-gentoo-btw/Documents/UntitledVulkanGameEngine/cmake-build-relwithdebinfo/CMakeFiles/CMakeTmp'
Building C object CMakeFiles/cmTC_38de0.dir/CheckIncludeFile.c.o
/usr/bin/cc   -std=gnu11 -o CMakeFiles/cmTC_38de0.dir/CheckIncludeFile.c.o -c /home/i-use-gentoo-btw/Documents/UntitledVulkanGameEngine/cmake-build-relwithdebinfo/CMakeFiles/CMakeTmp/CheckIncludeFile.c
/home/i-use-gentoo-btw/Documents/UntitledVulkanGameEngine/cmake-build-relwithdebinfo/CMakeFiles/CMakeTmp/CheckIncludeFile.c:1:10: fatal error: initguid.h: No such file or directory
    1 | #include <initguid.h>
      |          ^~~~~~~~~~~~
compilation terminated.
gmake[1]: *** [CMakeFiles/cmTC_38de0.dir/build.make:78: CMakeFiles/cmTC_38de0.dir/CheckIncludeFile.c.o] Error 1
gmake[1]: Leaving directory '/home/i-use-gentoo-btw/Documents/UntitledVulkanGameEngine/cmake-build-relwithdebinfo/CMakeFiles/CMakeTmp'
gmake: *** [Makefile:127: cmTC_38de0/fast] Error 2



Determining if the _aligned_malloc exist failed with the following output:
Change Dir: /home/i-use-gentoo-btw/Documents/UntitledVulkanGameEngine/cmake-build-relwithdebinfo/CMakeFiles/CMakeTmp

Run Build Command(s):/usr/bin/gmake -f Makefile cmTC_9b775/fast && /usr/bin/gmake  -f CMakeFiles/cmTC_9b775.dir/build.make CMakeFiles/cmTC_9b775.dir/build
gmake[1]: Entering directory '/home/i-use-gentoo-btw/Documents/UntitledVulkanGameEngine/cmake-build-relwithdebinfo/CMakeFiles/CMakeTmp'
Building C object CMakeFiles/cmTC_9b775.dir/CheckSymbolExists.c.o
/usr/bin/cc    -o CMakeFiles/cmTC_9b775.dir/CheckSymbolExists.c.o -c /home/i-use-gentoo-btw/Documents/UntitledVulkanGameEngine/cmake-build-relwithdebinfo/CMakeFiles/CMakeTmp/CheckSymbolExists.c
/home/i-use-gentoo-btw/Documents/UntitledVulkanGameEngine/cmake-build-relwithdebinfo/CMakeFiles/CMakeTmp/CheckSymbolExists.c: In function ‘main’:
/home/i-use-gentoo-btw/Documents/UntitledVulkanGameEngine/cmake-build-relwithdebinfo/CMakeFiles/CMakeTmp/CheckSymbolExists.c:8:19: error: ‘_aligned_malloc’ undeclared (first use in this function)
    8 |   return ((int*)(&_aligned_malloc))[argc];
      |                   ^~~~~~~~~~~~~~~
/home/i-use-gentoo-btw/Documents/UntitledVulkanGameEngine/cmake-build-relwithdebinfo/CMakeFiles/CMakeTmp/CheckSymbolExists.c:8:19: note: each undeclared identifier is reported only once for each function it appears in
gmake[1]: *** [CMakeFiles/cmTC_9b775.dir/build.make:78: CMakeFiles/cmTC_9b775.dir/CheckSymbolExists.c.o] Error 1
gmake[1]: Leaving directory '/home/i-use-gentoo-btw/Documents/UntitledVulkanGameEngine/cmake-build-relwithdebinfo/CMakeFiles/CMakeTmp'
gmake: *** [Makefile:127: cmTC_9b775/fast] Error 2


File /home/i-use-gentoo-btw/Documents/UntitledVulkanGameEngine/cmake-build-relwithdebinfo/CMakeFiles/CMakeTmp/CheckSymbolExists.c:
/* */
#include <malloc.h>

int main(int argc, char** argv)
{
  (void)argv;
#ifndef _aligned_malloc
  return ((int*)(&_aligned_malloc))[argc];
#else
  (void)argc;
  return 0;
#endif
}
Determining if the proc_pidpath exist failed with the following output:
Change Dir: /home/i-use-gentoo-btw/Documents/UntitledVulkanGameEngine/cmake-build-relwithdebinfo/CMakeFiles/CMakeTmp

Run Build Command(s):/usr/bin/gmake -f Makefile cmTC_c1258/fast && /usr/bin/gmake  -f CMakeFiles/cmTC_c1258.dir/build.make CMakeFiles/cmTC_c1258.dir/build
gmake[1]: Entering directory '/home/i-use-gentoo-btw/Documents/UntitledVulkanGameEngine/cmake-build-relwithdebinfo/CMakeFiles/CMakeTmp'
Building C object CMakeFiles/cmTC_c1258.dir/CheckSymbolExists.c.o
/usr/bin/cc    -o CMakeFiles/cmTC_c1258.dir/CheckSymbolExists.c.o -c /home/i-use-gentoo-btw/Documents/UntitledVulkanGameEngine/cmake-build-relwithdebinfo/CMakeFiles/CMakeTmp/CheckSymbolExists.c
/home/i-use-gentoo-btw/Documents/UntitledVulkanGameEngine/cmake-build-relwithdebinfo/CMakeFiles/CMakeTmp/CheckSymbolExists.c:2:10: fatal error: libproc.h: No such file or directory
    2 | #include <libproc.h>
      |          ^~~~~~~~~~~
compilation terminated.
gmake[1]: *** [CMakeFiles/cmTC_c1258.dir/build.make:78: CMakeFiles/cmTC_c1258.dir/CheckSymbolExists.c.o] Error 1
gmake[1]: Leaving directory '/home/i-use-gentoo-btw/Documents/UntitledVulkanGameEngine/cmake-build-relwithdebinfo/CMakeFiles/CMakeTmp'
gmake: *** [Makefile:127: cmTC_c1258/fast] Error 2


File /home/i-use-gentoo-btw/Documents/UntitledVulkanGameEngine/cmake-build-relwithdebinfo/CMakeFiles/CMakeTmp/CheckSymbolExists.c:
/* */
#include <libproc.h>

int main(int argc, char** argv)
{
  (void)argv;
#ifndef proc_pidpath
  return ((int*)(&proc_pidpath))[argc];
#else
  (void)argc;
  return 0;
#endif
}
Determining if files pthread.h;pthread_np.h exist failed with the following output:
Change Dir: /home/i-use-gentoo-btw/Documents/UntitledVulkanGameEngine/cmake-build-relwithdebinfo/CMakeFiles/CMakeTmp

Run Build Command(s):/usr/bin/gmake -f Makefile cmTC_751e3/fast && /usr/bin/gmake  -f CMakeFiles/cmTC_751e3.dir/build.make CMakeFiles/cmTC_751e3.dir/build
gmake[1]: Entering directory '/home/i-use-gentoo-btw/Documents/UntitledVulkanGameEngine/cmake-build-relwithdebinfo/CMakeFiles/CMakeTmp'
Building C object CMakeFiles/cmTC_751e3.dir/HAVE_PTHREAD_NP_H.c.o
/usr/bin/cc   -pthread -o CMakeFiles/cmTC_751e3.dir/HAVE_PTHREAD_NP_H.c.o -c /home/i-use-gentoo-btw/Documents/UntitledVulkanGameEngine/cmake-build-relwithdebinfo/CMakeFiles/CheckIncludeFiles/HAVE_PTHREAD_NP_H.c
/home/i-use-gentoo-btw/Documents/UntitledVulkanGameEngine/cmake-build-relwithdebinfo/CMakeFiles/CheckIncludeFiles/HAVE_PTHREAD_NP_H.c:3:10: fatal error: pthread_np.h: No such file or directory
    3 | #include <pthread_np.h>
      |          ^~~~~~~~~~~~~~
compilation terminated.
gmake[1]: *** [CMakeFiles/cmTC_751e3.dir/build.make:78: CMakeFiles/cmTC_751e3.dir/HAVE_PTHREAD_NP_H.c.o] Error 1
gmake[1]: Leaving directory '/home/i-use-gentoo-btw/Documents/UntitledVulkanGameEngine/cmake-build-relwithdebinfo/CMakeFiles/CMakeTmp'
gmake: *** [Makefile:127: cmTC_751e3/fast] Error 2


Source:
/* */
#include <pthread.h>
#include <pthread_np.h>


int main(void){return 0;}

Determining if the pthread_setname_np exist failed with the following output:
Change Dir: /home/i-use-gentoo-btw/Documents/UntitledVulkanGameEngine/cmake-build-relwithdebinfo/CMakeFiles/CMakeTmp

Run Build Command(s):/usr/bin/gmake -f Makefile cmTC_38f12/fast && /usr/bin/gmake  -f CMakeFiles/cmTC_38f12.dir/build.make CMakeFiles/cmTC_38f12.dir/build
gmake[1]: Entering directory '/home/i-use-gentoo-btw/Documents/UntitledVulkanGameEngine/cmake-build-relwithdebinfo/CMakeFiles/CMakeTmp'
Building C object CMakeFiles/cmTC_38f12.dir/CheckSymbolExists.c.o
/usr/bin/cc   -pthread -o CMakeFiles/cmTC_38f12.dir/CheckSymbolExists.c.o -c /home/i-use-gentoo-btw/Documents/UntitledVulkanGameEngine/cmake-build-relwithdebinfo/CMakeFiles/CMakeTmp/CheckSymbolExists.c
/home/i-use-gentoo-btw/Documents/UntitledVulkanGameEngine/cmake-build-relwithdebinfo/CMakeFiles/CMakeTmp/CheckSymbolExists.c: In function ‘main’:
/home/i-use-gentoo-btw/Documents/UntitledVulkanGameEngine/cmake-build-relwithdebinfo/CMakeFiles/CMakeTmp/CheckSymbolExists.c:8:19: error: ‘pthread_setname_np’ undeclared (first use in this function); did you mean ‘pthread_setcanceltype’?
    8 |   return ((int*)(&pthread_setname_np))[argc];
      |                   ^~~~~~~~~~~~~~~~~~
      |                   pthread_setcanceltype
/home/i-use-gentoo-btw/Documents/UntitledVulkanGameEngine/cmake-build-relwithdebinfo/CMakeFiles/CMakeTmp/CheckSymbolExists.c:8:19: note: each undeclared identifier is reported only once for each function it appears in
gmake[1]: *** [CMakeFiles/cmTC_38f12.dir/build.make:78: CMakeFiles/cmTC_38f12.dir/CheckSymbolExists.c.o] Error 1
gmake[1]: Leaving directory '/home/i-use-gentoo-btw/Documents/UntitledVulkanGameEngine/cmake-build-relwithdebinfo/CMakeFiles/CMakeTmp'
gmake: *** [Makefile:127: cmTC_38f12/fast] Error 2


File /home/i-use-gentoo-btw/Documents/UntitledVulkanGameEngine/cmake-build-relwithdebinfo/CMakeFiles/CMakeTmp/CheckSymbolExists.c:
/* */
#include <pthread.h>

int main(int argc, char** argv)
{
  (void)argv;
#ifndef pthread_setname_np
  return ((int*)(&pthread_setname_np))[argc];
#else
  (void)argc;
  return 0;
#endif
}
Determining if the pthread_set_name_np exist failed with the following output:
Change Dir: /home/i-use-gentoo-btw/Documents/UntitledVulkanGameEngine/cmake-build-relwithdebinfo/CMakeFiles/CMakeTmp

Run Build Command(s):/usr/bin/gmake -f Makefile cmTC_da2dd/fast && /usr/bin/gmake  -f CMakeFiles/cmTC_da2dd.dir/build.make CMakeFiles/cmTC_da2dd.dir/build
gmake[1]: Entering directory '/home/i-use-gentoo-btw/Documents/UntitledVulkanGameEngine/cmake-build-relwithdebinfo/CMakeFiles/CMakeTmp'
Building C object CMakeFiles/cmTC_da2dd.dir/CheckSymbolExists.c.o
/usr/bin/cc   -pthread -o CMakeFiles/cmTC_da2dd.dir/CheckSymbolExists.c.o -c /home/i-use-gentoo-btw/Documents/UntitledVulkanGameEngine/cmake-build-relwithdebinfo/CMakeFiles/CMakeTmp/CheckSymbolExists.c
/home/i-use-gentoo-btw/Documents/UntitledVulkanGameEngine/cmake-build-relwithdebinfo/CMakeFiles/CMakeTmp/CheckSymbolExists.c: In function ‘main’:
/home/i-use-gentoo-btw/Documents/UntitledVulkanGameEngine/cmake-build-relwithdebinfo/CMakeFiles/CMakeTmp/CheckSymbolExists.c:8:19: error: ‘pthread_set_name_np’ undeclared (first use in this function); did you mean ‘pthread_setcanceltype’?
    8 |   return ((int*)(&pthread_set_name_np))[argc];
      |                   ^~~~~~~~~~~~~~~~~~~
      |                   pthread_setcanceltype
/home/i-use-gentoo-btw/Documents/UntitledVulkanGameEngine/cmake-build-relwithdebinfo/CMakeFiles/CMakeTmp/CheckSymbolExists.c:8:19: note: each undeclared identifier is reported only once for each function it appears in
gmake[1]: *** [CMakeFiles/cmTC_da2dd.dir/build.make:78: CMakeFiles/cmTC_da2dd.dir/CheckSymbolExists.c.o] Error 1
gmake[1]: Leaving directory '/home/i-use-gentoo-btw/Documents/UntitledVulkanGameEngine/cmake-build-relwithdebinfo/CMakeFiles/CMakeTmp'
gmake: *** [Makefile:127: cmTC_da2dd/fast] Error 2


File /home/i-use-gentoo-btw/Documents/UntitledVulkanGameEngine/cmake-build-relwithdebinfo/CMakeFiles/CMakeTmp/CheckSymbolExists.c:
/* */
#include <pthread.h>

int main(int argc, char** argv)
{
  (void)argv;
#ifndef pthread_set_name_np
  return ((int*)(&pthread_set_name_np))[argc];
#else
  (void)argc;
  return 0;
#endif
}
Performing C++ SOURCE FILE Test ENTT_HAS_LIBCPP failed with the following output:
Change Dir: /home/i-use-gentoo-btw/Documents/UntitledVulkanGameEngine/cmake-build-relwithdebinfo/CMakeFiles/CMakeTmp

Run Build Command(s):/usr/bin/gmake -f Makefile cmTC_11daa/fast && /usr/bin/gmake  -f CMakeFiles/cmTC_11daa.dir/build.make CMakeFiles/cmTC_11daa.dir/build
gmake[1]: Entering directory '/home/i-use-gentoo-btw/Documents/UntitledVulkanGameEngine/cmake-build-relwithdebinfo/CMakeFiles/CMakeTmp'
Building CXX object CMakeFiles/cmTC_11daa.dir/src.cxx.o
/usr/bin/c++ -DENTT_HAS_LIBCPP  -stdlib=libc++ -std=gnu++2a -o CMakeFiles/cmTC_11daa.dir/src.cxx.o -c /home/i-use-gentoo-btw/Documents/UntitledVulkanGameEngine/cmake-build-relwithdebinfo/CMakeFiles/CMakeTmp/src.cxx
c++: error: unrecognized command line option ‘-stdlib=libc++’
gmake[1]: *** [CMakeFiles/cmTC_11daa.dir/build.make:78: CMakeFiles/cmTC_11daa.dir/src.cxx.o] Error 1
gmake[1]: Leaving directory '/home/i-use-gentoo-btw/Documents/UntitledVulkanGameEngine/cmake-build-relwithdebinfo/CMakeFiles/CMakeTmp'
gmake: *** [Makefile:127: cmTC_11daa/fast] Error 2


Source file was:

        #include<type_traits>
        int main() { return std::is_same_v<int, char>; }
    
