The system is: Linux - 5.10.46_p4-debian-sources - x86_64
Compiling the C compiler identification source file "CMakeCCompilerId.c" succeeded.
Compiler: /usr/bin/cc 
Build flags: 
Id flags:  

The output was:
0


Compilation of the C compiler identification source "CMakeCCompilerId.c" produced "a.out"

The C compiler identification is GNU, found in "/home/i-use-gentoo-btw/Documents/UntitledVulkanGameEngine/cmake-build-relwithdebinfo/CMakeFiles/3.20.2/CompilerIdC/a.out"

Compiling the CXX compiler identification source file "CMakeCXXCompilerId.cpp" succeeded.
Compiler: /usr/bin/c++ 
Build flags: 
Id flags:  

The output was:
0


Compilation of the CXX compiler identification source "CMakeCXXCompilerId.cpp" produced "a.out"

The CXX compiler identification is GNU, found in "/home/i-use-gentoo-btw/Documents/UntitledVulkanGameEngine/cmake-build-relwithdebinfo/CMakeFiles/3.20.2/CompilerIdCXX/a.out"

Detecting C compiler ABI info compiled with the following output:
Change Dir: /home/i-use-gentoo-btw/Documents/UntitledVulkanGameEngine/cmake-build-relwithdebinfo/CMakeFiles/CMakeTmp

Run Build Command(s):/usr/bin/gmake -f Makefile cmTC_ff079/fast && /usr/bin/gmake  -f CMakeFiles/cmTC_ff079.dir/build.make CMakeFiles/cmTC_ff079.dir/build
gmake[1]: Entering directory '/home/i-use-gentoo-btw/Documents/UntitledVulkanGameEngine/cmake-build-relwithdebinfo/CMakeFiles/CMakeTmp'
Building C object CMakeFiles/cmTC_ff079.dir/CMakeCCompilerABI.c.o
/usr/bin/cc   -v -o CMakeFiles/cmTC_ff079.dir/CMakeCCompilerABI.c.o -c /opt/clion/bin/cmake/linux/share/cmake-3.20/Modules/CMakeCCompilerABI.c
Using built-in specs.
COLLECT_GCC=/usr/bin/cc
Target: x86_64-pc-linux-gnu
Configured with: ../gcc-9.2.0/configure --disable-libssp --disable-multilib --enable-version-specific-runtime-libs --prefix=/usr --bindir=/usr/x86_64-pc-linux-gnu/gcc-bin/9.2.0 --includedir=/usr/lib/gcc/x86_64-pc-linux-gnu/9.2.0/include --datadir=/usr/share/gcc-data/x86_64-pc-linux-gnu/9.2.0 --mandir=/usr/share/gcc-data/x86_64-pc-linux-gnu/9.2.0/man --infodir=/usr/share/gcc-data/x86_64-pc-linux-gnu/9.2.0/info --with-gxx-include-dir=/usr/lib/gcc/x86_64-pc-linux-gnu/9.2.0/include/g++-v9.2.0 --enable-clocale=gnu --host=x86_64-pc-linux-gnu --enable-obsolete --disable-werror --enable-libmudflap --enable-secureplt --enable-lto --with-system-zlib --without-cloog --with-bugurl=http://bugs.funtoo.org --with-pkgversion='Funtoo 9.2.0' --enable-stage1-checking=assert,runtime,misc,tree,gc,rtlflag --enable-checking=assert,runtime --enable-languages=c,c++,fortran --disable-libgcj --enable-threads=posix --enable-__cxa_atexit --enable-libstdcxx-time --enable-libgomp --disable-bootstrap --enable-shared --build=x86_64-pc-linux-gnu --disable-libsanitizer --enable-default-pie --enable-default-ssp --disable-libstdcxx-pch --disable-vtable-verify --disable-libvtv --with-python-dir=/share/gcc-data/x86_64-pc-linux-gnu/9.2.0/python --enable-nls --with-included-gettext --with-arch=znver2
Thread model: posix
gcc version 9.2.0 (Funtoo 9.2.0) 
COLLECT_GCC_OPTIONS='-v' '-o' 'CMakeFiles/cmTC_ff079.dir/CMakeCCompilerABI.c.o' '-c' '-mtune=generic' '-march=znver2'
 /usr/libexec/gcc/x86_64-pc-linux-gnu/9.2.0/cc1 -quiet -v /opt/clion/bin/cmake/linux/share/cmake-3.20/Modules/CMakeCCompilerABI.c -quiet -dumpbase CMakeCCompilerABI.c -mtune=generic -march=znver2 -auxbase-strip CMakeFiles/cmTC_ff079.dir/CMakeCCompilerABI.c.o -version -o /tmp/ccNhvhAG.s
GNU C17 (Funtoo 9.2.0) version 9.2.0 (x86_64-pc-linux-gnu)
	compiled by GNU C version 9.2.0, GMP version 6.1.2, MPFR version 4.0.2, MPC version 1.1.0, isl version none
GGC heuristics: --param ggc-min-expand=100 --param ggc-min-heapsize=131072
ignoring nonexistent directory "/usr/lib/gcc/x86_64-pc-linux-gnu/9.2.0/../../../../x86_64-pc-linux-gnu/include"
#include "..." search starts here:
#include <...> search starts here:
 /usr/lib/gcc/x86_64-pc-linux-gnu/9.2.0/include
 /usr/local/include
 /usr/lib/gcc/x86_64-pc-linux-gnu/9.2.0/include-fixed
 /usr/include
End of search list.
GNU C17 (Funtoo 9.2.0) version 9.2.0 (x86_64-pc-linux-gnu)
	compiled by GNU C version 9.2.0, GMP version 6.1.2, MPFR version 4.0.2, MPC version 1.1.0, isl version none
GGC heuristics: --param ggc-min-expand=100 --param ggc-min-heapsize=131072
Compiler executable checksum: 382713342f9b8e73551236174cc5c2ad
COLLECT_GCC_OPTIONS='-v' '-o' 'CMakeFiles/cmTC_ff079.dir/CMakeCCompilerABI.c.o' '-c' '-mtune=generic' '-march=znver2'
 /usr/lib/gcc/x86_64-pc-linux-gnu/9.2.0/../../../../x86_64-pc-linux-gnu/bin/as -v --64 -o CMakeFiles/cmTC_ff079.dir/CMakeCCompilerABI.c.o /tmp/ccNhvhAG.s
GNU assembler version 2.36.1 (x86_64-pc-linux-gnu) using BFD version (Gentoo 2.36.1 p1) 2.36.1
COMPILER_PATH=/usr/libexec/gcc/x86_64-pc-linux-gnu/9.2.0/:/usr/libexec/gcc/x86_64-pc-linux-gnu/9.2.0/:/usr/libexec/gcc/x86_64-pc-linux-gnu/:/usr/lib/gcc/x86_64-pc-linux-gnu/9.2.0/:/usr/lib/gcc/x86_64-pc-linux-gnu/:/usr/lib/gcc/x86_64-pc-linux-gnu/9.2.0/../../../../x86_64-pc-linux-gnu/bin/
LIBRARY_PATH=/usr/lib/gcc/x86_64-pc-linux-gnu/9.2.0/:/usr/lib/gcc/x86_64-pc-linux-gnu/9.2.0/../../../../lib64/:/lib/../lib64/:/usr/lib/../lib64/:/usr/lib/gcc/x86_64-pc-linux-gnu/9.2.0/../../../../x86_64-pc-linux-gnu/lib/:/usr/lib/gcc/x86_64-pc-linux-gnu/9.2.0/../../../:/lib/:/usr/lib/
COLLECT_GCC_OPTIONS='-v' '-o' 'CMakeFiles/cmTC_ff079.dir/CMakeCCompilerABI.c.o' '-c' '-mtune=generic' '-march=znver2'
Linking C executable cmTC_ff079
/opt/clion/bin/cmake/linux/bin/cmake -E cmake_link_script CMakeFiles/cmTC_ff079.dir/link.txt --verbose=1
/usr/bin/cc  -v CMakeFiles/cmTC_ff079.dir/CMakeCCompilerABI.c.o -o cmTC_ff079 
Using built-in specs.
COLLECT_GCC=/usr/bin/cc
COLLECT_LTO_WRAPPER=/usr/libexec/gcc/x86_64-pc-linux-gnu/9.2.0/lto-wrapper
Target: x86_64-pc-linux-gnu
Configured with: ../gcc-9.2.0/configure --disable-libssp --disable-multilib --enable-version-specific-runtime-libs --prefix=/usr --bindir=/usr/x86_64-pc-linux-gnu/gcc-bin/9.2.0 --includedir=/usr/lib/gcc/x86_64-pc-linux-gnu/9.2.0/include --datadir=/usr/share/gcc-data/x86_64-pc-linux-gnu/9.2.0 --mandir=/usr/share/gcc-data/x86_64-pc-linux-gnu/9.2.0/man --infodir=/usr/share/gcc-data/x86_64-pc-linux-gnu/9.2.0/info --with-gxx-include-dir=/usr/lib/gcc/x86_64-pc-linux-gnu/9.2.0/include/g++-v9.2.0 --enable-clocale=gnu --host=x86_64-pc-linux-gnu --enable-obsolete --disable-werror --enable-libmudflap --enable-secureplt --enable-lto --with-system-zlib --without-cloog --with-bugurl=http://bugs.funtoo.org --with-pkgversion='Funtoo 9.2.0' --enable-stage1-checking=assert,runtime,misc,tree,gc,rtlflag --enable-checking=assert,runtime --enable-languages=c,c++,fortran --disable-libgcj --enable-threads=posix --enable-__cxa_atexit --enable-libstdcxx-time --enable-libgomp --disable-bootstrap --enable-shared --build=x86_64-pc-linux-gnu --disable-libsanitizer --enable-default-pie --enable-default-ssp --disable-libstdcxx-pch --disable-vtable-verify --disable-libvtv --with-python-dir=/share/gcc-data/x86_64-pc-linux-gnu/9.2.0/python --enable-nls --with-included-gettext --with-arch=znver2
Thread model: posix
gcc version 9.2.0 (Funtoo 9.2.0) 
COMPILER_PATH=/usr/libexec/gcc/x86_64-pc-linux-gnu/9.2.0/:/usr/libexec/gcc/x86_64-pc-linux-gnu/9.2.0/:/usr/libexec/gcc/x86_64-pc-linux-gnu/:/usr/lib/gcc/x86_64-pc-linux-gnu/9.2.0/:/usr/lib/gcc/x86_64-pc-linux-gnu/:/usr/lib/gcc/x86_64-pc-linux-gnu/9.2.0/../../../../x86_64-pc-linux-gnu/bin/
LIBRARY_PATH=/usr/lib/gcc/x86_64-pc-linux-gnu/9.2.0/:/usr/lib/gcc/x86_64-pc-linux-gnu/9.2.0/../../../../lib64/:/lib/../lib64/:/usr/lib/../lib64/:/usr/lib/gcc/x86_64-pc-linux-gnu/9.2.0/../../../../x86_64-pc-linux-gnu/lib/:/usr/lib/gcc/x86_64-pc-linux-gnu/9.2.0/../../../:/lib/:/usr/lib/
COLLECT_GCC_OPTIONS='-v' '-o' 'cmTC_ff079' '-mtune=generic' '-march=znver2'
 /usr/libexec/gcc/x86_64-pc-linux-gnu/9.2.0/collect2 -plugin /usr/libexec/gcc/x86_64-pc-linux-gnu/9.2.0/liblto_plugin.so -plugin-opt=/usr/libexec/gcc/x86_64-pc-linux-gnu/9.2.0/lto-wrapper -plugin-opt=-fresolution=/tmp/cc3x3aJ7.res -plugin-opt=-pass-through=-lgcc -plugin-opt=-pass-through=-lgcc_s -plugin-opt=-pass-through=-lc -plugin-opt=-pass-through=-lgcc -plugin-opt=-pass-through=-lgcc_s --eh-frame-hdr -m elf_x86_64 -dynamic-linker /lib64/ld-linux-x86-64.so.2 -pie -o cmTC_ff079 /usr/lib/gcc/x86_64-pc-linux-gnu/9.2.0/../../../../lib64/Scrt1.o /usr/lib/gcc/x86_64-pc-linux-gnu/9.2.0/../../../../lib64/crti.o /usr/lib/gcc/x86_64-pc-linux-gnu/9.2.0/crtbeginS.o -L/usr/lib/gcc/x86_64-pc-linux-gnu/9.2.0 -L/usr/lib/gcc/x86_64-pc-linux-gnu/9.2.0/../../../../lib64 -L/lib/../lib64 -L/usr/lib/../lib64 -L/usr/lib/gcc/x86_64-pc-linux-gnu/9.2.0/../../../../x86_64-pc-linux-gnu/lib -L/usr/lib/gcc/x86_64-pc-linux-gnu/9.2.0/../../.. CMakeFiles/cmTC_ff079.dir/CMakeCCompilerABI.c.o -lgcc --push-state --as-needed -lgcc_s --pop-state -lc -lgcc --push-state --as-needed -lgcc_s --pop-state /usr/lib/gcc/x86_64-pc-linux-gnu/9.2.0/crtendS.o /usr/lib/gcc/x86_64-pc-linux-gnu/9.2.0/../../../../lib64/crtn.o
COLLECT_GCC_OPTIONS='-v' '-o' 'cmTC_ff079' '-mtune=generic' '-march=znver2'
gmake[1]: Leaving directory '/home/i-use-gentoo-btw/Documents/UntitledVulkanGameEngine/cmake-build-relwithdebinfo/CMakeFiles/CMakeTmp'



Parsed C implicit include dir info from above output: rv=done
  found start of include info
  found start of implicit include info
    add: [/usr/lib/gcc/x86_64-pc-linux-gnu/9.2.0/include]
    add: [/usr/local/include]
    add: [/usr/lib/gcc/x86_64-pc-linux-gnu/9.2.0/include-fixed]
    add: [/usr/include]
  end of search list found
  collapse include dir [/usr/lib/gcc/x86_64-pc-linux-gnu/9.2.0/include] ==> [/usr/lib/gcc/x86_64-pc-linux-gnu/9.2.0/include]
  collapse include dir [/usr/local/include] ==> [/usr/local/include]
  collapse include dir [/usr/lib/gcc/x86_64-pc-linux-gnu/9.2.0/include-fixed] ==> [/usr/lib/gcc/x86_64-pc-linux-gnu/9.2.0/include-fixed]
  collapse include dir [/usr/include] ==> [/usr/include]
  implicit include dirs: [/usr/lib/gcc/x86_64-pc-linux-gnu/9.2.0/include;/usr/local/include;/usr/lib/gcc/x86_64-pc-linux-gnu/9.2.0/include-fixed;/usr/include]


Parsed C implicit link information from above output:
  link line regex: [^( *|.*[/\])(ld|CMAKE_LINK_STARTFILE-NOTFOUND|([^/\]+-)?ld|collect2)[^/\]*( |$)]
  ignore line: [Change Dir: /home/i-use-gentoo-btw/Documents/UntitledVulkanGameEngine/cmake-build-relwithdebinfo/CMakeFiles/CMakeTmp]
  ignore line: []
  ignore line: [Run Build Command(s):/usr/bin/gmake -f Makefile cmTC_ff079/fast && /usr/bin/gmake  -f CMakeFiles/cmTC_ff079.dir/build.make CMakeFiles/cmTC_ff079.dir/build]
  ignore line: [gmake[1]: Entering directory '/home/i-use-gentoo-btw/Documents/UntitledVulkanGameEngine/cmake-build-relwithdebinfo/CMakeFiles/CMakeTmp']
  ignore line: [Building C object CMakeFiles/cmTC_ff079.dir/CMakeCCompilerABI.c.o]
  ignore line: [/usr/bin/cc   -v -o CMakeFiles/cmTC_ff079.dir/CMakeCCompilerABI.c.o -c /opt/clion/bin/cmake/linux/share/cmake-3.20/Modules/CMakeCCompilerABI.c]
  ignore line: [Using built-in specs.]
  ignore line: [COLLECT_GCC=/usr/bin/cc]
  ignore line: [Target: x86_64-pc-linux-gnu]
  ignore line: [Configured with: ../gcc-9.2.0/configure --disable-libssp --disable-multilib --enable-version-specific-runtime-libs --prefix=/usr --bindir=/usr/x86_64-pc-linux-gnu/gcc-bin/9.2.0 --includedir=/usr/lib/gcc/x86_64-pc-linux-gnu/9.2.0/include --datadir=/usr/share/gcc-data/x86_64-pc-linux-gnu/9.2.0 --mandir=/usr/share/gcc-data/x86_64-pc-linux-gnu/9.2.0/man --infodir=/usr/share/gcc-data/x86_64-pc-linux-gnu/9.2.0/info --with-gxx-include-dir=/usr/lib/gcc/x86_64-pc-linux-gnu/9.2.0/include/g++-v9.2.0 --enable-clocale=gnu --host=x86_64-pc-linux-gnu --enable-obsolete --disable-werror --enable-libmudflap --enable-secureplt --enable-lto --with-system-zlib --without-cloog --with-bugurl=http://bugs.funtoo.org --with-pkgversion='Funtoo 9.2.0' --enable-stage1-checking=assert runtime misc tree gc rtlflag --enable-checking=assert runtime --enable-languages=c c++ fortran --disable-libgcj --enable-threads=posix --enable-__cxa_atexit --enable-libstdcxx-time --enable-libgomp --disable-bootstrap --enable-shared --build=x86_64-pc-linux-gnu --disable-libsanitizer --enable-default-pie --enable-default-ssp --disable-libstdcxx-pch --disable-vtable-verify --disable-libvtv --with-python-dir=/share/gcc-data/x86_64-pc-linux-gnu/9.2.0/python --enable-nls --with-included-gettext --with-arch=znver2]
  ignore line: [Thread model: posix]
  ignore line: [gcc version 9.2.0 (Funtoo 9.2.0) ]
  ignore line: [COLLECT_GCC_OPTIONS='-v' '-o' 'CMakeFiles/cmTC_ff079.dir/CMakeCCompilerABI.c.o' '-c' '-mtune=generic' '-march=znver2']
  ignore line: [ /usr/libexec/gcc/x86_64-pc-linux-gnu/9.2.0/cc1 -quiet -v /opt/clion/bin/cmake/linux/share/cmake-3.20/Modules/CMakeCCompilerABI.c -quiet -dumpbase CMakeCCompilerABI.c -mtune=generic -march=znver2 -auxbase-strip CMakeFiles/cmTC_ff079.dir/CMakeCCompilerABI.c.o -version -o /tmp/ccNhvhAG.s]
  ignore line: [GNU C17 (Funtoo 9.2.0) version 9.2.0 (x86_64-pc-linux-gnu)]
  ignore line: [	compiled by GNU C version 9.2.0  GMP version 6.1.2  MPFR version 4.0.2  MPC version 1.1.0  isl version none]
  ignore line: [GGC heuristics: --param ggc-min-expand=100 --param ggc-min-heapsize=131072]
  ignore line: [ignoring nonexistent directory "/usr/lib/gcc/x86_64-pc-linux-gnu/9.2.0/../../../../x86_64-pc-linux-gnu/include"]
  ignore line: [#include "..." search starts here:]
  ignore line: [#include <...> search starts here:]
  ignore line: [ /usr/lib/gcc/x86_64-pc-linux-gnu/9.2.0/include]
  ignore line: [ /usr/local/include]
  ignore line: [ /usr/lib/gcc/x86_64-pc-linux-gnu/9.2.0/include-fixed]
  ignore line: [ /usr/include]
  ignore line: [End of search list.]
  ignore line: [GNU C17 (Funtoo 9.2.0) version 9.2.0 (x86_64-pc-linux-gnu)]
  ignore line: [	compiled by GNU C version 9.2.0  GMP version 6.1.2  MPFR version 4.0.2  MPC version 1.1.0  isl version none]
  ignore line: [GGC heuristics: --param ggc-min-expand=100 --param ggc-min-heapsize=131072]
  ignore line: [Compiler executable checksum: 382713342f9b8e73551236174cc5c2ad]
  ignore line: [COLLECT_GCC_OPTIONS='-v' '-o' 'CMakeFiles/cmTC_ff079.dir/CMakeCCompilerABI.c.o' '-c' '-mtune=generic' '-march=znver2']
  ignore line: [ /usr/lib/gcc/x86_64-pc-linux-gnu/9.2.0/../../../../x86_64-pc-linux-gnu/bin/as -v --64 -o CMakeFiles/cmTC_ff079.dir/CMakeCCompilerABI.c.o /tmp/ccNhvhAG.s]
  ignore line: [GNU assembler version 2.36.1 (x86_64-pc-linux-gnu) using BFD version (Gentoo 2.36.1 p1) 2.36.1]
  ignore line: [COMPILER_PATH=/usr/libexec/gcc/x86_64-pc-linux-gnu/9.2.0/:/usr/libexec/gcc/x86_64-pc-linux-gnu/9.2.0/:/usr/libexec/gcc/x86_64-pc-linux-gnu/:/usr/lib/gcc/x86_64-pc-linux-gnu/9.2.0/:/usr/lib/gcc/x86_64-pc-linux-gnu/:/usr/lib/gcc/x86_64-pc-linux-gnu/9.2.0/../../../../x86_64-pc-linux-gnu/bin/]
  ignore line: [LIBRARY_PATH=/usr/lib/gcc/x86_64-pc-linux-gnu/9.2.0/:/usr/lib/gcc/x86_64-pc-linux-gnu/9.2.0/../../../../lib64/:/lib/../lib64/:/usr/lib/../lib64/:/usr/lib/gcc/x86_64-pc-linux-gnu/9.2.0/../../../../x86_64-pc-linux-gnu/lib/:/usr/lib/gcc/x86_64-pc-linux-gnu/9.2.0/../../../:/lib/:/usr/lib/]
  ignore line: [COLLECT_GCC_OPTIONS='-v' '-o' 'CMakeFiles/cmTC_ff079.dir/CMakeCCompilerABI.c.o' '-c' '-mtune=generic' '-march=znver2']
  ignore line: [Linking C executable cmTC_ff079]
  ignore line: [/opt/clion/bin/cmake/linux/bin/cmake -E cmake_link_script CMakeFiles/cmTC_ff079.dir/link.txt --verbose=1]
  ignore line: [/usr/bin/cc  -v CMakeFiles/cmTC_ff079.dir/CMakeCCompilerABI.c.o -o cmTC_ff079 ]
  ignore line: [Using built-in specs.]
  ignore line: [COLLECT_GCC=/usr/bin/cc]
  ignore line: [COLLECT_LTO_WRAPPER=/usr/libexec/gcc/x86_64-pc-linux-gnu/9.2.0/lto-wrapper]
  ignore line: [Target: x86_64-pc-linux-gnu]
  ignore line: [Configured with: ../gcc-9.2.0/configure --disable-libssp --disable-multilib --enable-version-specific-runtime-libs --prefix=/usr --bindir=/usr/x86_64-pc-linux-gnu/gcc-bin/9.2.0 --includedir=/usr/lib/gcc/x86_64-pc-linux-gnu/9.2.0/include --datadir=/usr/share/gcc-data/x86_64-pc-linux-gnu/9.2.0 --mandir=/usr/share/gcc-data/x86_64-pc-linux-gnu/9.2.0/man --infodir=/usr/share/gcc-data/x86_64-pc-linux-gnu/9.2.0/info --with-gxx-include-dir=/usr/lib/gcc/x86_64-pc-linux-gnu/9.2.0/include/g++-v9.2.0 --enable-clocale=gnu --host=x86_64-pc-linux-gnu --enable-obsolete --disable-werror --enable-libmudflap --enable-secureplt --enable-lto --with-system-zlib --without-cloog --with-bugurl=http://bugs.funtoo.org --with-pkgversion='Funtoo 9.2.0' --enable-stage1-checking=assert runtime misc tree gc rtlflag --enable-checking=assert runtime --enable-languages=c c++ fortran --disable-libgcj --enable-threads=posix --enable-__cxa_atexit --enable-libstdcxx-time --enable-libgomp --disable-bootstrap --enable-shared --build=x86_64-pc-linux-gnu --disable-libsanitizer --enable-default-pie --enable-default-ssp --disable-libstdcxx-pch --disable-vtable-verify --disable-libvtv --with-python-dir=/share/gcc-data/x86_64-pc-linux-gnu/9.2.0/python --enable-nls --with-included-gettext --with-arch=znver2]
  ignore line: [Thread model: posix]
  ignore line: [gcc version 9.2.0 (Funtoo 9.2.0) ]
  ignore line: [COMPILER_PATH=/usr/libexec/gcc/x86_64-pc-linux-gnu/9.2.0/:/usr/libexec/gcc/x86_64-pc-linux-gnu/9.2.0/:/usr/libexec/gcc/x86_64-pc-linux-gnu/:/usr/lib/gcc/x86_64-pc-linux-gnu/9.2.0/:/usr/lib/gcc/x86_64-pc-linux-gnu/:/usr/lib/gcc/x86_64-pc-linux-gnu/9.2.0/../../../../x86_64-pc-linux-gnu/bin/]
  ignore line: [LIBRARY_PATH=/usr/lib/gcc/x86_64-pc-linux-gnu/9.2.0/:/usr/lib/gcc/x86_64-pc-linux-gnu/9.2.0/../../../../lib64/:/lib/../lib64/:/usr/lib/../lib64/:/usr/lib/gcc/x86_64-pc-linux-gnu/9.2.0/../../../../x86_64-pc-linux-gnu/lib/:/usr/lib/gcc/x86_64-pc-linux-gnu/9.2.0/../../../:/lib/:/usr/lib/]
  ignore line: [COLLECT_GCC_OPTIONS='-v' '-o' 'cmTC_ff079' '-mtune=generic' '-march=znver2']
  link line: [ /usr/libexec/gcc/x86_64-pc-linux-gnu/9.2.0/collect2 -plugin /usr/libexec/gcc/x86_64-pc-linux-gnu/9.2.0/liblto_plugin.so -plugin-opt=/usr/libexec/gcc/x86_64-pc-linux-gnu/9.2.0/lto-wrapper -plugin-opt=-fresolution=/tmp/cc3x3aJ7.res -plugin-opt=-pass-through=-lgcc -plugin-opt=-pass-through=-lgcc_s -plugin-opt=-pass-through=-lc -plugin-opt=-pass-through=-lgcc -plugin-opt=-pass-through=-lgcc_s --eh-frame-hdr -m elf_x86_64 -dynamic-linker /lib64/ld-linux-x86-64.so.2 -pie -o cmTC_ff079 /usr/lib/gcc/x86_64-pc-linux-gnu/9.2.0/../../../../lib64/Scrt1.o /usr/lib/gcc/x86_64-pc-linux-gnu/9.2.0/../../../../lib64/crti.o /usr/lib/gcc/x86_64-pc-linux-gnu/9.2.0/crtbeginS.o -L/usr/lib/gcc/x86_64-pc-linux-gnu/9.2.0 -L/usr/lib/gcc/x86_64-pc-linux-gnu/9.2.0/../../../../lib64 -L/lib/../lib64 -L/usr/lib/../lib64 -L/usr/lib/gcc/x86_64-pc-linux-gnu/9.2.0/../../../../x86_64-pc-linux-gnu/lib -L/usr/lib/gcc/x86_64-pc-linux-gnu/9.2.0/../../.. CMakeFiles/cmTC_ff079.dir/CMakeCCompilerABI.c.o -lgcc --push-state --as-needed -lgcc_s --pop-state -lc -lgcc --push-state --as-needed -lgcc_s --pop-state /usr/lib/gcc/x86_64-pc-linux-gnu/9.2.0/crtendS.o /usr/lib/gcc/x86_64-pc-linux-gnu/9.2.0/../../../../lib64/crtn.o]
    arg [/usr/libexec/gcc/x86_64-pc-linux-gnu/9.2.0/collect2] ==> ignore
    arg [-plugin] ==> ignore
    arg [/usr/libexec/gcc/x86_64-pc-linux-gnu/9.2.0/liblto_plugin.so] ==> ignore
    arg [-plugin-opt=/usr/libexec/gcc/x86_64-pc-linux-gnu/9.2.0/lto-wrapper] ==> ignore
    arg [-plugin-opt=-fresolution=/tmp/cc3x3aJ7.res] ==> ignore
    arg [-plugin-opt=-pass-through=-lgcc] ==> ignore
    arg [-plugin-opt=-pass-through=-lgcc_s] ==> ignore
    arg [-plugin-opt=-pass-through=-lc] ==> ignore
    arg [-plugin-opt=-pass-through=-lgcc] ==> ignore
    arg [-plugin-opt=-pass-through=-lgcc_s] ==> ignore
    arg [--eh-frame-hdr] ==> ignore
    arg [-m] ==> ignore
    arg [elf_x86_64] ==> ignore
    arg [-dynamic-linker] ==> ignore
    arg [/lib64/ld-linux-x86-64.so.2] ==> ignore
    arg [-pie] ==> ignore
    arg [-o] ==> ignore
    arg [cmTC_ff079] ==> ignore
    arg [/usr/lib/gcc/x86_64-pc-linux-gnu/9.2.0/../../../../lib64/Scrt1.o] ==> obj [/usr/lib/gcc/x86_64-pc-linux-gnu/9.2.0/../../../../lib64/Scrt1.o]
    arg [/usr/lib/gcc/x86_64-pc-linux-gnu/9.2.0/../../../../lib64/crti.o] ==> obj [/usr/lib/gcc/x86_64-pc-linux-gnu/9.2.0/../../../../lib64/crti.o]
    arg [/usr/lib/gcc/x86_64-pc-linux-gnu/9.2.0/crtbeginS.o] ==> obj [/usr/lib/gcc/x86_64-pc-linux-gnu/9.2.0/crtbeginS.o]
    arg [-L/usr/lib/gcc/x86_64-pc-linux-gnu/9.2.0] ==> dir [/usr/lib/gcc/x86_64-pc-linux-gnu/9.2.0]
    arg [-L/usr/lib/gcc/x86_64-pc-linux-gnu/9.2.0/../../../../lib64] ==> dir [/usr/lib/gcc/x86_64-pc-linux-gnu/9.2.0/../../../../lib64]
    arg [-L/lib/../lib64] ==> dir [/lib/../lib64]
    arg [-L/usr/lib/../lib64] ==> dir [/usr/lib/../lib64]
    arg [-L/usr/lib/gcc/x86_64-pc-linux-gnu/9.2.0/../../../../x86_64-pc-linux-gnu/lib] ==> dir [/usr/lib/gcc/x86_64-pc-linux-gnu/9.2.0/../../../../x86_64-pc-linux-gnu/lib]
    arg [-L/usr/lib/gcc/x86_64-pc-linux-gnu/9.2.0/../../..] ==> dir [/usr/lib/gcc/x86_64-pc-linux-gnu/9.2.0/../../..]
    arg [CMakeFiles/cmTC_ff079.dir/CMakeCCompilerABI.c.o] ==> ignore
    arg [-lgcc] ==> lib [gcc]
    arg [--push-state] ==> ignore
    arg [--as-needed] ==> ignore
    arg [-lgcc_s] ==> lib [gcc_s]
    arg [--pop-state] ==> ignore
    arg [-lc] ==> lib [c]
    arg [-lgcc] ==> lib [gcc]
    arg [--push-state] ==> ignore
    arg [--as-needed] ==> ignore
    arg [-lgcc_s] ==> lib [gcc_s]
    arg [--pop-state] ==> ignore
    arg [/usr/lib/gcc/x86_64-pc-linux-gnu/9.2.0/crtendS.o] ==> obj [/usr/lib/gcc/x86_64-pc-linux-gnu/9.2.0/crtendS.o]
    arg [/usr/lib/gcc/x86_64-pc-linux-gnu/9.2.0/../../../../lib64/crtn.o] ==> obj [/usr/lib/gcc/x86_64-pc-linux-gnu/9.2.0/../../../../lib64/crtn.o]
  collapse obj [/usr/lib/gcc/x86_64-pc-linux-gnu/9.2.0/../../../../lib64/Scrt1.o] ==> [/usr/lib64/Scrt1.o]
  collapse obj [/usr/lib/gcc/x86_64-pc-linux-gnu/9.2.0/../../../../lib64/crti.o] ==> [/usr/lib64/crti.o]
  collapse obj [/usr/lib/gcc/x86_64-pc-linux-gnu/9.2.0/../../../../lib64/crtn.o] ==> [/usr/lib64/crtn.o]
  collapse library dir [/usr/lib/gcc/x86_64-pc-linux-gnu/9.2.0] ==> [/usr/lib/gcc/x86_64-pc-linux-gnu/9.2.0]
  collapse library dir [/usr/lib/gcc/x86_64-pc-linux-gnu/9.2.0/../../../../lib64] ==> [/usr/lib64]
  collapse library dir [/lib/../lib64] ==> [/lib64]
  collapse library dir [/usr/lib/../lib64] ==> [/usr/lib64]
  collapse library dir [/usr/lib/gcc/x86_64-pc-linux-gnu/9.2.0/../../../../x86_64-pc-linux-gnu/lib] ==> [/usr/x86_64-pc-linux-gnu/lib]
  collapse library dir [/usr/lib/gcc/x86_64-pc-linux-gnu/9.2.0/../../..] ==> [/usr/lib]
  implicit libs: [gcc;gcc_s;c;gcc;gcc_s]
  implicit objs: [/usr/lib64/Scrt1.o;/usr/lib64/crti.o;/usr/lib/gcc/x86_64-pc-linux-gnu/9.2.0/crtbeginS.o;/usr/lib/gcc/x86_64-pc-linux-gnu/9.2.0/crtendS.o;/usr/lib64/crtn.o]
  implicit dirs: [/usr/lib/gcc/x86_64-pc-linux-gnu/9.2.0;/usr/lib64;/lib64;/usr/x86_64-pc-linux-gnu/lib;/usr/lib]
  implicit fwks: []


Detecting CXX compiler ABI info compiled with the following output:
Change Dir: /home/i-use-gentoo-btw/Documents/UntitledVulkanGameEngine/cmake-build-relwithdebinfo/CMakeFiles/CMakeTmp

Run Build Command(s):/usr/bin/gmake -f Makefile cmTC_3ccc9/fast && /usr/bin/gmake  -f CMakeFiles/cmTC_3ccc9.dir/build.make CMakeFiles/cmTC_3ccc9.dir/build
gmake[1]: Entering directory '/home/i-use-gentoo-btw/Documents/UntitledVulkanGameEngine/cmake-build-relwithdebinfo/CMakeFiles/CMakeTmp'
Building CXX object CMakeFiles/cmTC_3ccc9.dir/CMakeCXXCompilerABI.cpp.o
/usr/bin/c++   -v -o CMakeFiles/cmTC_3ccc9.dir/CMakeCXXCompilerABI.cpp.o -c /opt/clion/bin/cmake/linux/share/cmake-3.20/Modules/CMakeCXXCompilerABI.cpp
Using built-in specs.
COLLECT_GCC=/usr/bin/c++
Target: x86_64-pc-linux-gnu
Configured with: ../gcc-9.2.0/configure --disable-libssp --disable-multilib --enable-version-specific-runtime-libs --prefix=/usr --bindir=/usr/x86_64-pc-linux-gnu/gcc-bin/9.2.0 --includedir=/usr/lib/gcc/x86_64-pc-linux-gnu/9.2.0/include --datadir=/usr/share/gcc-data/x86_64-pc-linux-gnu/9.2.0 --mandir=/usr/share/gcc-data/x86_64-pc-linux-gnu/9.2.0/man --infodir=/usr/share/gcc-data/x86_64-pc-linux-gnu/9.2.0/info --with-gxx-include-dir=/usr/lib/gcc/x86_64-pc-linux-gnu/9.2.0/include/g++-v9.2.0 --enable-clocale=gnu --host=x86_64-pc-linux-gnu --enable-obsolete --disable-werror --enable-libmudflap --enable-secureplt --enable-lto --with-system-zlib --without-cloog --with-bugurl=http://bugs.funtoo.org --with-pkgversion='Funtoo 9.2.0' --enable-stage1-checking=assert,runtime,misc,tree,gc,rtlflag --enable-checking=assert,runtime --enable-languages=c,c++,fortran --disable-libgcj --enable-threads=posix --enable-__cxa_atexit --enable-libstdcxx-time --enable-libgomp --disable-bootstrap --enable-shared --build=x86_64-pc-linux-gnu --disable-libsanitizer --enable-default-pie --enable-default-ssp --disable-libstdcxx-pch --disable-vtable-verify --disable-libvtv --with-python-dir=/share/gcc-data/x86_64-pc-linux-gnu/9.2.0/python --enable-nls --with-included-gettext --with-arch=znver2
Thread model: posix
gcc version 9.2.0 (Funtoo 9.2.0) 
COLLECT_GCC_OPTIONS='-v' '-o' 'CMakeFiles/cmTC_3ccc9.dir/CMakeCXXCompilerABI.cpp.o' '-c' '-shared-libgcc' '-mtune=generic' '-march=znver2'
 /usr/libexec/gcc/x86_64-pc-linux-gnu/9.2.0/cc1plus -quiet -v -D_GNU_SOURCE /opt/clion/bin/cmake/linux/share/cmake-3.20/Modules/CMakeCXXCompilerABI.cpp -quiet -dumpbase CMakeCXXCompilerABI.cpp -mtune=generic -march=znver2 -auxbase-strip CMakeFiles/cmTC_3ccc9.dir/CMakeCXXCompilerABI.cpp.o -version -o /tmp/ccudUQmC.s
GNU C++14 (Funtoo 9.2.0) version 9.2.0 (x86_64-pc-linux-gnu)
	compiled by GNU C version 9.2.0, GMP version 6.1.2, MPFR version 4.0.2, MPC version 1.1.0, isl version none
GGC heuristics: --param ggc-min-expand=100 --param ggc-min-heapsize=131072
ignoring nonexistent directory "/usr/lib/gcc/x86_64-pc-linux-gnu/9.2.0/../../../../x86_64-pc-linux-gnu/include"
#include "..." search starts here:
#include <...> search starts here:
 /usr/lib/gcc/x86_64-pc-linux-gnu/9.2.0/include/g++-v9.2.0
 /usr/lib/gcc/x86_64-pc-linux-gnu/9.2.0/include/g++-v9.2.0/x86_64-pc-linux-gnu
 /usr/lib/gcc/x86_64-pc-linux-gnu/9.2.0/include/g++-v9.2.0/backward
 /usr/lib/gcc/x86_64-pc-linux-gnu/9.2.0/include
 /usr/local/include
 /usr/lib/gcc/x86_64-pc-linux-gnu/9.2.0/include-fixed
 /usr/include
End of search list.
GNU C++14 (Funtoo 9.2.0) version 9.2.0 (x86_64-pc-linux-gnu)
	compiled by GNU C version 9.2.0, GMP version 6.1.2, MPFR version 4.0.2, MPC version 1.1.0, isl version none
GGC heuristics: --param ggc-min-expand=100 --param ggc-min-heapsize=131072
Compiler executable checksum: f3a9b601bc8726d452e31b0a350accf7
COLLECT_GCC_OPTIONS='-v' '-o' 'CMakeFiles/cmTC_3ccc9.dir/CMakeCXXCompilerABI.cpp.o' '-c' '-shared-libgcc' '-mtune=generic' '-march=znver2'
 /usr/lib/gcc/x86_64-pc-linux-gnu/9.2.0/../../../../x86_64-pc-linux-gnu/bin/as -v --64 -o CMakeFiles/cmTC_3ccc9.dir/CMakeCXXCompilerABI.cpp.o /tmp/ccudUQmC.s
GNU assembler version 2.36.1 (x86_64-pc-linux-gnu) using BFD version (Gentoo 2.36.1 p1) 2.36.1
COMPILER_PATH=/usr/libexec/gcc/x86_64-pc-linux-gnu/9.2.0/:/usr/libexec/gcc/x86_64-pc-linux-gnu/9.2.0/:/usr/libexec/gcc/x86_64-pc-linux-gnu/:/usr/lib/gcc/x86_64-pc-linux-gnu/9.2.0/:/usr/lib/gcc/x86_64-pc-linux-gnu/:/usr/lib/gcc/x86_64-pc-linux-gnu/9.2.0/../../../../x86_64-pc-linux-gnu/bin/
LIBRARY_PATH=/usr/lib/gcc/x86_64-pc-linux-gnu/9.2.0/:/usr/lib/gcc/x86_64-pc-linux-gnu/9.2.0/../../../../lib64/:/lib/../lib64/:/usr/lib/../lib64/:/usr/lib/gcc/x86_64-pc-linux-gnu/9.2.0/../../../../x86_64-pc-linux-gnu/lib/:/usr/lib/gcc/x86_64-pc-linux-gnu/9.2.0/../../../:/lib/:/usr/lib/
COLLECT_GCC_OPTIONS='-v' '-o' 'CMakeFiles/cmTC_3ccc9.dir/CMakeCXXCompilerABI.cpp.o' '-c' '-shared-libgcc' '-mtune=generic' '-march=znver2'
Linking CXX executable cmTC_3ccc9
/opt/clion/bin/cmake/linux/bin/cmake -E cmake_link_script CMakeFiles/cmTC_3ccc9.dir/link.txt --verbose=1
/usr/bin/c++  -v CMakeFiles/cmTC_3ccc9.dir/CMakeCXXCompilerABI.cpp.o -o cmTC_3ccc9 
Using built-in specs.
COLLECT_GCC=/usr/bin/c++
COLLECT_LTO_WRAPPER=/usr/libexec/gcc/x86_64-pc-linux-gnu/9.2.0/lto-wrapper
Target: x86_64-pc-linux-gnu
Configured with: ../gcc-9.2.0/configure --disable-libssp --disable-multilib --enable-version-specific-runtime-libs --prefix=/usr --bindir=/usr/x86_64-pc-linux-gnu/gcc-bin/9.2.0 --includedir=/usr/lib/gcc/x86_64-pc-linux-gnu/9.2.0/include --datadir=/usr/share/gcc-data/x86_64-pc-linux-gnu/9.2.0 --mandir=/usr/share/gcc-data/x86_64-pc-linux-gnu/9.2.0/man --infodir=/usr/share/gcc-data/x86_64-pc-linux-gnu/9.2.0/info --with-gxx-include-dir=/usr/lib/gcc/x86_64-pc-linux-gnu/9.2.0/include/g++-v9.2.0 --enable-clocale=gnu --host=x86_64-pc-linux-gnu --enable-obsolete --disable-werror --enable-libmudflap --enable-secureplt --enable-lto --with-system-zlib --without-cloog --with-bugurl=http://bugs.funtoo.org --with-pkgversion='Funtoo 9.2.0' --enable-stage1-checking=assert,runtime,misc,tree,gc,rtlflag --enable-checking=assert,runtime --enable-languages=c,c++,fortran --disable-libgcj --enable-threads=posix --enable-__cxa_atexit --enable-libstdcxx-time --enable-libgomp --disable-bootstrap --enable-shared --build=x86_64-pc-linux-gnu --disable-libsanitizer --enable-default-pie --enable-default-ssp --disable-libstdcxx-pch --disable-vtable-verify --disable-libvtv --with-python-dir=/share/gcc-data/x86_64-pc-linux-gnu/9.2.0/python --enable-nls --with-included-gettext --with-arch=znver2
Thread model: posix
gcc version 9.2.0 (Funtoo 9.2.0) 
COMPILER_PATH=/usr/libexec/gcc/x86_64-pc-linux-gnu/9.2.0/:/usr/libexec/gcc/x86_64-pc-linux-gnu/9.2.0/:/usr/libexec/gcc/x86_64-pc-linux-gnu/:/usr/lib/gcc/x86_64-pc-linux-gnu/9.2.0/:/usr/lib/gcc/x86_64-pc-linux-gnu/:/usr/lib/gcc/x86_64-pc-linux-gnu/9.2.0/../../../../x86_64-pc-linux-gnu/bin/
LIBRARY_PATH=/usr/lib/gcc/x86_64-pc-linux-gnu/9.2.0/:/usr/lib/gcc/x86_64-pc-linux-gnu/9.2.0/../../../../lib64/:/lib/../lib64/:/usr/lib/../lib64/:/usr/lib/gcc/x86_64-pc-linux-gnu/9.2.0/../../../../x86_64-pc-linux-gnu/lib/:/usr/lib/gcc/x86_64-pc-linux-gnu/9.2.0/../../../:/lib/:/usr/lib/
COLLECT_GCC_OPTIONS='-v' '-o' 'cmTC_3ccc9' '-shared-libgcc' '-mtune=generic' '-march=znver2'
 /usr/libexec/gcc/x86_64-pc-linux-gnu/9.2.0/collect2 -plugin /usr/libexec/gcc/x86_64-pc-linux-gnu/9.2.0/liblto_plugin.so -plugin-opt=/usr/libexec/gcc/x86_64-pc-linux-gnu/9.2.0/lto-wrapper -plugin-opt=-fresolution=/tmp/ccOSjvtM.res -plugin-opt=-pass-through=-lgcc_s -plugin-opt=-pass-through=-lgcc -plugin-opt=-pass-through=-lc -plugin-opt=-pass-through=-lgcc_s -plugin-opt=-pass-through=-lgcc --eh-frame-hdr -m elf_x86_64 -dynamic-linker /lib64/ld-linux-x86-64.so.2 -pie -o cmTC_3ccc9 /usr/lib/gcc/x86_64-pc-linux-gnu/9.2.0/../../../../lib64/Scrt1.o /usr/lib/gcc/x86_64-pc-linux-gnu/9.2.0/../../../../lib64/crti.o /usr/lib/gcc/x86_64-pc-linux-gnu/9.2.0/crtbeginS.o -L/usr/lib/gcc/x86_64-pc-linux-gnu/9.2.0 -L/usr/lib/gcc/x86_64-pc-linux-gnu/9.2.0/../../../../lib64 -L/lib/../lib64 -L/usr/lib/../lib64 -L/usr/lib/gcc/x86_64-pc-linux-gnu/9.2.0/../../../../x86_64-pc-linux-gnu/lib -L/usr/lib/gcc/x86_64-pc-linux-gnu/9.2.0/../../.. CMakeFiles/cmTC_3ccc9.dir/CMakeCXXCompilerABI.cpp.o -lstdc++ -lm -lgcc_s -lgcc -lc -lgcc_s -lgcc /usr/lib/gcc/x86_64-pc-linux-gnu/9.2.0/crtendS.o /usr/lib/gcc/x86_64-pc-linux-gnu/9.2.0/../../../../lib64/crtn.o
COLLECT_GCC_OPTIONS='-v' '-o' 'cmTC_3ccc9' '-shared-libgcc' '-mtune=generic' '-march=znver2'
gmake[1]: Leaving directory '/home/i-use-gentoo-btw/Documents/UntitledVulkanGameEngine/cmake-build-relwithdebinfo/CMakeFiles/CMakeTmp'



Parsed CXX implicit include dir info from above output: rv=done
  found start of include info
  found start of implicit include info
    add: [/usr/lib/gcc/x86_64-pc-linux-gnu/9.2.0/include/g++-v9.2.0]
    add: [/usr/lib/gcc/x86_64-pc-linux-gnu/9.2.0/include/g++-v9.2.0/x86_64-pc-linux-gnu]
    add: [/usr/lib/gcc/x86_64-pc-linux-gnu/9.2.0/include/g++-v9.2.0/backward]
    add: [/usr/lib/gcc/x86_64-pc-linux-gnu/9.2.0/include]
    add: [/usr/local/include]
    add: [/usr/lib/gcc/x86_64-pc-linux-gnu/9.2.0/include-fixed]
    add: [/usr/include]
  end of search list found
  collapse include dir [/usr/lib/gcc/x86_64-pc-linux-gnu/9.2.0/include/g++-v9.2.0] ==> [/usr/lib/gcc/x86_64-pc-linux-gnu/9.2.0/include/g++-v9.2.0]
  collapse include dir [/usr/lib/gcc/x86_64-pc-linux-gnu/9.2.0/include/g++-v9.2.0/x86_64-pc-linux-gnu] ==> [/usr/lib/gcc/x86_64-pc-linux-gnu/9.2.0/include/g++-v9.2.0/x86_64-pc-linux-gnu]
  collapse include dir [/usr/lib/gcc/x86_64-pc-linux-gnu/9.2.0/include/g++-v9.2.0/backward] ==> [/usr/lib/gcc/x86_64-pc-linux-gnu/9.2.0/include/g++-v9.2.0/backward]
  collapse include dir [/usr/lib/gcc/x86_64-pc-linux-gnu/9.2.0/include] ==> [/usr/lib/gcc/x86_64-pc-linux-gnu/9.2.0/include]
  collapse include dir [/usr/local/include] ==> [/usr/local/include]
  collapse include dir [/usr/lib/gcc/x86_64-pc-linux-gnu/9.2.0/include-fixed] ==> [/usr/lib/gcc/x86_64-pc-linux-gnu/9.2.0/include-fixed]
  collapse include dir [/usr/include] ==> [/usr/include]
  implicit include dirs: [/usr/lib/gcc/x86_64-pc-linux-gnu/9.2.0/include/g++-v9.2.0;/usr/lib/gcc/x86_64-pc-linux-gnu/9.2.0/include/g++-v9.2.0/x86_64-pc-linux-gnu;/usr/lib/gcc/x86_64-pc-linux-gnu/9.2.0/include/g++-v9.2.0/backward;/usr/lib/gcc/x86_64-pc-linux-gnu/9.2.0/include;/usr/local/include;/usr/lib/gcc/x86_64-pc-linux-gnu/9.2.0/include-fixed;/usr/include]


Parsed CXX implicit link information from above output:
  link line regex: [^( *|.*[/\])(ld|CMAKE_LINK_STARTFILE-NOTFOUND|([^/\]+-)?ld|collect2)[^/\]*( |$)]
  ignore line: [Change Dir: /home/i-use-gentoo-btw/Documents/UntitledVulkanGameEngine/cmake-build-relwithdebinfo/CMakeFiles/CMakeTmp]
  ignore line: []
  ignore line: [Run Build Command(s):/usr/bin/gmake -f Makefile cmTC_3ccc9/fast && /usr/bin/gmake  -f CMakeFiles/cmTC_3ccc9.dir/build.make CMakeFiles/cmTC_3ccc9.dir/build]
  ignore line: [gmake[1]: Entering directory '/home/i-use-gentoo-btw/Documents/UntitledVulkanGameEngine/cmake-build-relwithdebinfo/CMakeFiles/CMakeTmp']
  ignore line: [Building CXX object CMakeFiles/cmTC_3ccc9.dir/CMakeCXXCompilerABI.cpp.o]
  ignore line: [/usr/bin/c++   -v -o CMakeFiles/cmTC_3ccc9.dir/CMakeCXXCompilerABI.cpp.o -c /opt/clion/bin/cmake/linux/share/cmake-3.20/Modules/CMakeCXXCompilerABI.cpp]
  ignore line: [Using built-in specs.]
  ignore line: [COLLECT_GCC=/usr/bin/c++]
  ignore line: [Target: x86_64-pc-linux-gnu]
  ignore line: [Configured with: ../gcc-9.2.0/configure --disable-libssp --disable-multilib --enable-version-specific-runtime-libs --prefix=/usr --bindir=/usr/x86_64-pc-linux-gnu/gcc-bin/9.2.0 --includedir=/usr/lib/gcc/x86_64-pc-linux-gnu/9.2.0/include --datadir=/usr/share/gcc-data/x86_64-pc-linux-gnu/9.2.0 --mandir=/usr/share/gcc-data/x86_64-pc-linux-gnu/9.2.0/man --infodir=/usr/share/gcc-data/x86_64-pc-linux-gnu/9.2.0/info --with-gxx-include-dir=/usr/lib/gcc/x86_64-pc-linux-gnu/9.2.0/include/g++-v9.2.0 --enable-clocale=gnu --host=x86_64-pc-linux-gnu --enable-obsolete --disable-werror --enable-libmudflap --enable-secureplt --enable-lto --with-system-zlib --without-cloog --with-bugurl=http://bugs.funtoo.org --with-pkgversion='Funtoo 9.2.0' --enable-stage1-checking=assert runtime misc tree gc rtlflag --enable-checking=assert runtime --enable-languages=c c++ fortran --disable-libgcj --enable-threads=posix --enable-__cxa_atexit --enable-libstdcxx-time --enable-libgomp --disable-bootstrap --enable-shared --build=x86_64-pc-linux-gnu --disable-libsanitizer --enable-default-pie --enable-default-ssp --disable-libstdcxx-pch --disable-vtable-verify --disable-libvtv --with-python-dir=/share/gcc-data/x86_64-pc-linux-gnu/9.2.0/python --enable-nls --with-included-gettext --with-arch=znver2]
  ignore line: [Thread model: posix]
  ignore line: [gcc version 9.2.0 (Funtoo 9.2.0) ]
  ignore line: [COLLECT_GCC_OPTIONS='-v' '-o' 'CMakeFiles/cmTC_3ccc9.dir/CMakeCXXCompilerABI.cpp.o' '-c' '-shared-libgcc' '-mtune=generic' '-march=znver2']
  ignore line: [ /usr/libexec/gcc/x86_64-pc-linux-gnu/9.2.0/cc1plus -quiet -v -D_GNU_SOURCE /opt/clion/bin/cmake/linux/share/cmake-3.20/Modules/CMakeCXXCompilerABI.cpp -quiet -dumpbase CMakeCXXCompilerABI.cpp -mtune=generic -march=znver2 -auxbase-strip CMakeFiles/cmTC_3ccc9.dir/CMakeCXXCompilerABI.cpp.o -version -o /tmp/ccudUQmC.s]
  ignore line: [GNU C++14 (Funtoo 9.2.0) version 9.2.0 (x86_64-pc-linux-gnu)]
  ignore line: [	compiled by GNU C version 9.2.0  GMP version 6.1.2  MPFR version 4.0.2  MPC version 1.1.0  isl version none]
  ignore line: [GGC heuristics: --param ggc-min-expand=100 --param ggc-min-heapsize=131072]
  ignore line: [ignoring nonexistent directory "/usr/lib/gcc/x86_64-pc-linux-gnu/9.2.0/../../../../x86_64-pc-linux-gnu/include"]
  ignore line: [#include "..." search starts here:]
  ignore line: [#include <...> search starts here:]
  ignore line: [ /usr/lib/gcc/x86_64-pc-linux-gnu/9.2.0/include/g++-v9.2.0]
  ignore line: [ /usr/lib/gcc/x86_64-pc-linux-gnu/9.2.0/include/g++-v9.2.0/x86_64-pc-linux-gnu]
  ignore line: [ /usr/lib/gcc/x86_64-pc-linux-gnu/9.2.0/include/g++-v9.2.0/backward]
  ignore line: [ /usr/lib/gcc/x86_64-pc-linux-gnu/9.2.0/include]
  ignore line: [ /usr/local/include]
  ignore line: [ /usr/lib/gcc/x86_64-pc-linux-gnu/9.2.0/include-fixed]
  ignore line: [ /usr/include]
  ignore line: [End of search list.]
  ignore line: [GNU C++14 (Funtoo 9.2.0) version 9.2.0 (x86_64-pc-linux-gnu)]
  ignore line: [	compiled by GNU C version 9.2.0  GMP version 6.1.2  MPFR version 4.0.2  MPC version 1.1.0  isl version none]
  ignore line: [GGC heuristics: --param ggc-min-expand=100 --param ggc-min-heapsize=131072]
  ignore line: [Compiler executable checksum: f3a9b601bc8726d452e31b0a350accf7]
  ignore line: [COLLECT_GCC_OPTIONS='-v' '-o' 'CMakeFiles/cmTC_3ccc9.dir/CMakeCXXCompilerABI.cpp.o' '-c' '-shared-libgcc' '-mtune=generic' '-march=znver2']
  ignore line: [ /usr/lib/gcc/x86_64-pc-linux-gnu/9.2.0/../../../../x86_64-pc-linux-gnu/bin/as -v --64 -o CMakeFiles/cmTC_3ccc9.dir/CMakeCXXCompilerABI.cpp.o /tmp/ccudUQmC.s]
  ignore line: [GNU assembler version 2.36.1 (x86_64-pc-linux-gnu) using BFD version (Gentoo 2.36.1 p1) 2.36.1]
  ignore line: [COMPILER_PATH=/usr/libexec/gcc/x86_64-pc-linux-gnu/9.2.0/:/usr/libexec/gcc/x86_64-pc-linux-gnu/9.2.0/:/usr/libexec/gcc/x86_64-pc-linux-gnu/:/usr/lib/gcc/x86_64-pc-linux-gnu/9.2.0/:/usr/lib/gcc/x86_64-pc-linux-gnu/:/usr/lib/gcc/x86_64-pc-linux-gnu/9.2.0/../../../../x86_64-pc-linux-gnu/bin/]
  ignore line: [LIBRARY_PATH=/usr/lib/gcc/x86_64-pc-linux-gnu/9.2.0/:/usr/lib/gcc/x86_64-pc-linux-gnu/9.2.0/../../../../lib64/:/lib/../lib64/:/usr/lib/../lib64/:/usr/lib/gcc/x86_64-pc-linux-gnu/9.2.0/../../../../x86_64-pc-linux-gnu/lib/:/usr/lib/gcc/x86_64-pc-linux-gnu/9.2.0/../../../:/lib/:/usr/lib/]
  ignore line: [COLLECT_GCC_OPTIONS='-v' '-o' 'CMakeFiles/cmTC_3ccc9.dir/CMakeCXXCompilerABI.cpp.o' '-c' '-shared-libgcc' '-mtune=generic' '-march=znver2']
  ignore line: [Linking CXX executable cmTC_3ccc9]
  ignore line: [/opt/clion/bin/cmake/linux/bin/cmake -E cmake_link_script CMakeFiles/cmTC_3ccc9.dir/link.txt --verbose=1]
  ignore line: [/usr/bin/c++  -v CMakeFiles/cmTC_3ccc9.dir/CMakeCXXCompilerABI.cpp.o -o cmTC_3ccc9 ]
  ignore line: [Using built-in specs.]
  ignore line: [COLLECT_GCC=/usr/bin/c++]
  ignore line: [COLLECT_LTO_WRAPPER=/usr/libexec/gcc/x86_64-pc-linux-gnu/9.2.0/lto-wrapper]
  ignore line: [Target: x86_64-pc-linux-gnu]
  ignore line: [Configured with: ../gcc-9.2.0/configure --disable-libssp --disable-multilib --enable-version-specific-runtime-libs --prefix=/usr --bindir=/usr/x86_64-pc-linux-gnu/gcc-bin/9.2.0 --includedir=/usr/lib/gcc/x86_64-pc-linux-gnu/9.2.0/include --datadir=/usr/share/gcc-data/x86_64-pc-linux-gnu/9.2.0 --mandir=/usr/share/gcc-data/x86_64-pc-linux-gnu/9.2.0/man --infodir=/usr/share/gcc-data/x86_64-pc-linux-gnu/9.2.0/info --with-gxx-include-dir=/usr/lib/gcc/x86_64-pc-linux-gnu/9.2.0/include/g++-v9.2.0 --enable-clocale=gnu --host=x86_64-pc-linux-gnu --enable-obsolete --disable-werror --enable-libmudflap --enable-secureplt --enable-lto --with-system-zlib --without-cloog --with-bugurl=http://bugs.funtoo.org --with-pkgversion='Funtoo 9.2.0' --enable-stage1-checking=assert runtime misc tree gc rtlflag --enable-checking=assert runtime --enable-languages=c c++ fortran --disable-libgcj --enable-threads=posix --enable-__cxa_atexit --enable-libstdcxx-time --enable-libgomp --disable-bootstrap --enable-shared --build=x86_64-pc-linux-gnu --disable-libsanitizer --enable-default-pie --enable-default-ssp --disable-libstdcxx-pch --disable-vtable-verify --disable-libvtv --with-python-dir=/share/gcc-data/x86_64-pc-linux-gnu/9.2.0/python --enable-nls --with-included-gettext --with-arch=znver2]
  ignore line: [Thread model: posix]
  ignore line: [gcc version 9.2.0 (Funtoo 9.2.0) ]
  ignore line: [COMPILER_PATH=/usr/libexec/gcc/x86_64-pc-linux-gnu/9.2.0/:/usr/libexec/gcc/x86_64-pc-linux-gnu/9.2.0/:/usr/libexec/gcc/x86_64-pc-linux-gnu/:/usr/lib/gcc/x86_64-pc-linux-gnu/9.2.0/:/usr/lib/gcc/x86_64-pc-linux-gnu/:/usr/lib/gcc/x86_64-pc-linux-gnu/9.2.0/../../../../x86_64-pc-linux-gnu/bin/]
  ignore line: [LIBRARY_PATH=/usr/lib/gcc/x86_64-pc-linux-gnu/9.2.0/:/usr/lib/gcc/x86_64-pc-linux-gnu/9.2.0/../../../../lib64/:/lib/../lib64/:/usr/lib/../lib64/:/usr/lib/gcc/x86_64-pc-linux-gnu/9.2.0/../../../../x86_64-pc-linux-gnu/lib/:/usr/lib/gcc/x86_64-pc-linux-gnu/9.2.0/../../../:/lib/:/usr/lib/]
  ignore line: [COLLECT_GCC_OPTIONS='-v' '-o' 'cmTC_3ccc9' '-shared-libgcc' '-mtune=generic' '-march=znver2']
  link line: [ /usr/libexec/gcc/x86_64-pc-linux-gnu/9.2.0/collect2 -plugin /usr/libexec/gcc/x86_64-pc-linux-gnu/9.2.0/liblto_plugin.so -plugin-opt=/usr/libexec/gcc/x86_64-pc-linux-gnu/9.2.0/lto-wrapper -plugin-opt=-fresolution=/tmp/ccOSjvtM.res -plugin-opt=-pass-through=-lgcc_s -plugin-opt=-pass-through=-lgcc -plugin-opt=-pass-through=-lc -plugin-opt=-pass-through=-lgcc_s -plugin-opt=-pass-through=-lgcc --eh-frame-hdr -m elf_x86_64 -dynamic-linker /lib64/ld-linux-x86-64.so.2 -pie -o cmTC_3ccc9 /usr/lib/gcc/x86_64-pc-linux-gnu/9.2.0/../../../../lib64/Scrt1.o /usr/lib/gcc/x86_64-pc-linux-gnu/9.2.0/../../../../lib64/crti.o /usr/lib/gcc/x86_64-pc-linux-gnu/9.2.0/crtbeginS.o -L/usr/lib/gcc/x86_64-pc-linux-gnu/9.2.0 -L/usr/lib/gcc/x86_64-pc-linux-gnu/9.2.0/../../../../lib64 -L/lib/../lib64 -L/usr/lib/../lib64 -L/usr/lib/gcc/x86_64-pc-linux-gnu/9.2.0/../../../../x86_64-pc-linux-gnu/lib -L/usr/lib/gcc/x86_64-pc-linux-gnu/9.2.0/../../.. CMakeFiles/cmTC_3ccc9.dir/CMakeCXXCompilerABI.cpp.o -lstdc++ -lm -lgcc_s -lgcc -lc -lgcc_s -lgcc /usr/lib/gcc/x86_64-pc-linux-gnu/9.2.0/crtendS.o /usr/lib/gcc/x86_64-pc-linux-gnu/9.2.0/../../../../lib64/crtn.o]
    arg [/usr/libexec/gcc/x86_64-pc-linux-gnu/9.2.0/collect2] ==> ignore
    arg [-plugin] ==> ignore
    arg [/usr/libexec/gcc/x86_64-pc-linux-gnu/9.2.0/liblto_plugin.so] ==> ignore
    arg [-plugin-opt=/usr/libexec/gcc/x86_64-pc-linux-gnu/9.2.0/lto-wrapper] ==> ignore
    arg [-plugin-opt=-fresolution=/tmp/ccOSjvtM.res] ==> ignore
    arg [-plugin-opt=-pass-through=-lgcc_s] ==> ignore
    arg [-plugin-opt=-pass-through=-lgcc] ==> ignore
    arg [-plugin-opt=-pass-through=-lc] ==> ignore
    arg [-plugin-opt=-pass-through=-lgcc_s] ==> ignore
    arg [-plugin-opt=-pass-through=-lgcc] ==> ignore
    arg [--eh-frame-hdr] ==> ignore
    arg [-m] ==> ignore
    arg [elf_x86_64] ==> ignore
    arg [-dynamic-linker] ==> ignore
    arg [/lib64/ld-linux-x86-64.so.2] ==> ignore
    arg [-pie] ==> ignore
    arg [-o] ==> ignore
    arg [cmTC_3ccc9] ==> ignore
    arg [/usr/lib/gcc/x86_64-pc-linux-gnu/9.2.0/../../../../lib64/Scrt1.o] ==> obj [/usr/lib/gcc/x86_64-pc-linux-gnu/9.2.0/../../../../lib64/Scrt1.o]
    arg [/usr/lib/gcc/x86_64-pc-linux-gnu/9.2.0/../../../../lib64/crti.o] ==> obj [/usr/lib/gcc/x86_64-pc-linux-gnu/9.2.0/../../../../lib64/crti.o]
    arg [/usr/lib/gcc/x86_64-pc-linux-gnu/9.2.0/crtbeginS.o] ==> obj [/usr/lib/gcc/x86_64-pc-linux-gnu/9.2.0/crtbeginS.o]
    arg [-L/usr/lib/gcc/x86_64-pc-linux-gnu/9.2.0] ==> dir [/usr/lib/gcc/x86_64-pc-linux-gnu/9.2.0]
    arg [-L/usr/lib/gcc/x86_64-pc-linux-gnu/9.2.0/../../../../lib64] ==> dir [/usr/lib/gcc/x86_64-pc-linux-gnu/9.2.0/../../../../lib64]
    arg [-L/lib/../lib64] ==> dir [/lib/../lib64]
    arg [-L/usr/lib/../lib64] ==> dir [/usr/lib/../lib64]
    arg [-L/usr/lib/gcc/x86_64-pc-linux-gnu/9.2.0/../../../../x86_64-pc-linux-gnu/lib] ==> dir [/usr/lib/gcc/x86_64-pc-linux-gnu/9.2.0/../../../../x86_64-pc-linux-gnu/lib]
    arg [-L/usr/lib/gcc/x86_64-pc-linux-gnu/9.2.0/../../..] ==> dir [/usr/lib/gcc/x86_64-pc-linux-gnu/9.2.0/../../..]
    arg [CMakeFiles/cmTC_3ccc9.dir/CMakeCXXCompilerABI.cpp.o] ==> ignore
    arg [-lstdc++] ==> lib [stdc++]
    arg [-lm] ==> lib [m]
    arg [-lgcc_s] ==> lib [gcc_s]
    arg [-lgcc] ==> lib [gcc]
    arg [-lc] ==> lib [c]
    arg [-lgcc_s] ==> lib [gcc_s]
    arg [-lgcc] ==> lib [gcc]
    arg [/usr/lib/gcc/x86_64-pc-linux-gnu/9.2.0/crtendS.o] ==> obj [/usr/lib/gcc/x86_64-pc-linux-gnu/9.2.0/crtendS.o]
    arg [/usr/lib/gcc/x86_64-pc-linux-gnu/9.2.0/../../../../lib64/crtn.o] ==> obj [/usr/lib/gcc/x86_64-pc-linux-gnu/9.2.0/../../../../lib64/crtn.o]
  collapse obj [/usr/lib/gcc/x86_64-pc-linux-gnu/9.2.0/../../../../lib64/Scrt1.o] ==> [/usr/lib64/Scrt1.o]
  collapse obj [/usr/lib/gcc/x86_64-pc-linux-gnu/9.2.0/../../../../lib64/crti.o] ==> [/usr/lib64/crti.o]
  collapse obj [/usr/lib/gcc/x86_64-pc-linux-gnu/9.2.0/../../../../lib64/crtn.o] ==> [/usr/lib64/crtn.o]
  collapse library dir [/usr/lib/gcc/x86_64-pc-linux-gnu/9.2.0] ==> [/usr/lib/gcc/x86_64-pc-linux-gnu/9.2.0]
  collapse library dir [/usr/lib/gcc/x86_64-pc-linux-gnu/9.2.0/../../../../lib64] ==> [/usr/lib64]
  collapse library dir [/lib/../lib64] ==> [/lib64]
  collapse library dir [/usr/lib/../lib64] ==> [/usr/lib64]
  collapse library dir [/usr/lib/gcc/x86_64-pc-linux-gnu/9.2.0/../../../../x86_64-pc-linux-gnu/lib] ==> [/usr/x86_64-pc-linux-gnu/lib]
  collapse library dir [/usr/lib/gcc/x86_64-pc-linux-gnu/9.2.0/../../..] ==> [/usr/lib]
  implicit libs: [stdc++;m;gcc_s;gcc;c;gcc_s;gcc]
  implicit objs: [/usr/lib64/Scrt1.o;/usr/lib64/crti.o;/usr/lib/gcc/x86_64-pc-linux-gnu/9.2.0/crtbeginS.o;/usr/lib/gcc/x86_64-pc-linux-gnu/9.2.0/crtendS.o;/usr/lib64/crtn.o]
  implicit dirs: [/usr/lib/gcc/x86_64-pc-linux-gnu/9.2.0;/usr/lib64;/lib64;/usr/x86_64-pc-linux-gnu/lib;/usr/lib]
  implicit fwks: []


Determining if the include file pthread.h exists passed with the following output:
Change Dir: /home/i-use-gentoo-btw/Documents/UntitledVulkanGameEngine/cmake-build-relwithdebinfo/CMakeFiles/CMakeTmp

Run Build Command(s):/usr/bin/gmake -f Makefile cmTC_e4755/fast && /usr/bin/gmake  -f CMakeFiles/cmTC_e4755.dir/build.make CMakeFiles/cmTC_e4755.dir/build
gmake[1]: Entering directory '/home/i-use-gentoo-btw/Documents/UntitledVulkanGameEngine/cmake-build-relwithdebinfo/CMakeFiles/CMakeTmp'
Building C object CMakeFiles/cmTC_e4755.dir/CheckIncludeFile.c.o
/usr/bin/cc    -o CMakeFiles/cmTC_e4755.dir/CheckIncludeFile.c.o -c /home/i-use-gentoo-btw/Documents/UntitledVulkanGameEngine/cmake-build-relwithdebinfo/CMakeFiles/CMakeTmp/CheckIncludeFile.c
Linking C executable cmTC_e4755
/opt/clion/bin/cmake/linux/bin/cmake -E cmake_link_script CMakeFiles/cmTC_e4755.dir/link.txt --verbose=1
/usr/bin/cc CMakeFiles/cmTC_e4755.dir/CheckIncludeFile.c.o -o cmTC_e4755 
gmake[1]: Leaving directory '/home/i-use-gentoo-btw/Documents/UntitledVulkanGameEngine/cmake-build-relwithdebinfo/CMakeFiles/CMakeTmp'



Determining if the function pthread_create exists in the pthread passed with the following output:
Change Dir: /home/i-use-gentoo-btw/Documents/UntitledVulkanGameEngine/cmake-build-relwithdebinfo/CMakeFiles/CMakeTmp

Run Build Command(s):/usr/bin/gmake -f Makefile cmTC_d3ba2/fast && /usr/bin/gmake  -f CMakeFiles/cmTC_d3ba2.dir/build.make CMakeFiles/cmTC_d3ba2.dir/build
gmake[1]: Entering directory '/home/i-use-gentoo-btw/Documents/UntitledVulkanGameEngine/cmake-build-relwithdebinfo/CMakeFiles/CMakeTmp'
Building C object CMakeFiles/cmTC_d3ba2.dir/CheckFunctionExists.c.o
/usr/bin/cc   -DCHECK_FUNCTION_EXISTS=pthread_create -o CMakeFiles/cmTC_d3ba2.dir/CheckFunctionExists.c.o -c /opt/clion/bin/cmake/linux/share/cmake-3.20/Modules/CheckFunctionExists.c
Linking C executable cmTC_d3ba2
/opt/clion/bin/cmake/linux/bin/cmake -E cmake_link_script CMakeFiles/cmTC_d3ba2.dir/link.txt --verbose=1
/usr/bin/cc  -DCHECK_FUNCTION_EXISTS=pthread_create CMakeFiles/cmTC_d3ba2.dir/CheckFunctionExists.c.o -o cmTC_d3ba2  -lpthread 
gmake[1]: Leaving directory '/home/i-use-gentoo-btw/Documents/UntitledVulkanGameEngine/cmake-build-relwithdebinfo/CMakeFiles/CMakeTmp'



Determining if the function XOpenDisplay exists in the /usr/lib/libX11.so;/usr/lib/libXext.so passed with the following output:
Change Dir: /home/i-use-gentoo-btw/Documents/UntitledVulkanGameEngine/cmake-build-relwithdebinfo/CMakeFiles/CMakeTmp

Run Build Command(s):/usr/bin/gmake -f Makefile cmTC_05adf/fast && /usr/bin/gmake  -f CMakeFiles/cmTC_05adf.dir/build.make CMakeFiles/cmTC_05adf.dir/build
gmake[1]: Entering directory '/home/i-use-gentoo-btw/Documents/UntitledVulkanGameEngine/cmake-build-relwithdebinfo/CMakeFiles/CMakeTmp'
Building C object CMakeFiles/cmTC_05adf.dir/CheckFunctionExists.c.o
/usr/bin/cc   -DCHECK_FUNCTION_EXISTS=XOpenDisplay -o CMakeFiles/cmTC_05adf.dir/CheckFunctionExists.c.o -c /opt/clion/bin/cmake/linux/share/cmake-3.20/Modules/CheckFunctionExists.c
Linking C executable cmTC_05adf
/opt/clion/bin/cmake/linux/bin/cmake -E cmake_link_script CMakeFiles/cmTC_05adf.dir/link.txt --verbose=1
/usr/bin/cc  -DCHECK_FUNCTION_EXISTS=XOpenDisplay CMakeFiles/cmTC_05adf.dir/CheckFunctionExists.c.o -o cmTC_05adf  /usr/lib/libX11.so /usr/lib/libXext.so 
gmake[1]: Leaving directory '/home/i-use-gentoo-btw/Documents/UntitledVulkanGameEngine/cmake-build-relwithdebinfo/CMakeFiles/CMakeTmp'



Determining if the function gethostbyname exists passed with the following output:
Change Dir: /home/i-use-gentoo-btw/Documents/UntitledVulkanGameEngine/cmake-build-relwithdebinfo/CMakeFiles/CMakeTmp

Run Build Command(s):/usr/bin/gmake -f Makefile cmTC_a5f7b/fast && /usr/bin/gmake  -f CMakeFiles/cmTC_a5f7b.dir/build.make CMakeFiles/cmTC_a5f7b.dir/build
gmake[1]: Entering directory '/home/i-use-gentoo-btw/Documents/UntitledVulkanGameEngine/cmake-build-relwithdebinfo/CMakeFiles/CMakeTmp'
Building C object CMakeFiles/cmTC_a5f7b.dir/CheckFunctionExists.c.o
/usr/bin/cc   -DCHECK_FUNCTION_EXISTS=gethostbyname -o CMakeFiles/cmTC_a5f7b.dir/CheckFunctionExists.c.o -c /opt/clion/bin/cmake/linux/share/cmake-3.20/Modules/CheckFunctionExists.c
Linking C executable cmTC_a5f7b
/opt/clion/bin/cmake/linux/bin/cmake -E cmake_link_script CMakeFiles/cmTC_a5f7b.dir/link.txt --verbose=1
/usr/bin/cc  -DCHECK_FUNCTION_EXISTS=gethostbyname CMakeFiles/cmTC_a5f7b.dir/CheckFunctionExists.c.o -o cmTC_a5f7b 
gmake[1]: Leaving directory '/home/i-use-gentoo-btw/Documents/UntitledVulkanGameEngine/cmake-build-relwithdebinfo/CMakeFiles/CMakeTmp'



Determining if the function connect exists passed with the following output:
Change Dir: /home/i-use-gentoo-btw/Documents/UntitledVulkanGameEngine/cmake-build-relwithdebinfo/CMakeFiles/CMakeTmp

Run Build Command(s):/usr/bin/gmake -f Makefile cmTC_41c49/fast && /usr/bin/gmake  -f CMakeFiles/cmTC_41c49.dir/build.make CMakeFiles/cmTC_41c49.dir/build
gmake[1]: Entering directory '/home/i-use-gentoo-btw/Documents/UntitledVulkanGameEngine/cmake-build-relwithdebinfo/CMakeFiles/CMakeTmp'
Building C object CMakeFiles/cmTC_41c49.dir/CheckFunctionExists.c.o
/usr/bin/cc   -DCHECK_FUNCTION_EXISTS=connect -o CMakeFiles/cmTC_41c49.dir/CheckFunctionExists.c.o -c /opt/clion/bin/cmake/linux/share/cmake-3.20/Modules/CheckFunctionExists.c
Linking C executable cmTC_41c49
/opt/clion/bin/cmake/linux/bin/cmake -E cmake_link_script CMakeFiles/cmTC_41c49.dir/link.txt --verbose=1
/usr/bin/cc  -DCHECK_FUNCTION_EXISTS=connect CMakeFiles/cmTC_41c49.dir/CheckFunctionExists.c.o -o cmTC_41c49 
gmake[1]: Leaving directory '/home/i-use-gentoo-btw/Documents/UntitledVulkanGameEngine/cmake-build-relwithdebinfo/CMakeFiles/CMakeTmp'



Determining if the function remove exists passed with the following output:
Change Dir: /home/i-use-gentoo-btw/Documents/UntitledVulkanGameEngine/cmake-build-relwithdebinfo/CMakeFiles/CMakeTmp

Run Build Command(s):/usr/bin/gmake -f Makefile cmTC_8cdeb/fast && /usr/bin/gmake  -f CMakeFiles/cmTC_8cdeb.dir/build.make CMakeFiles/cmTC_8cdeb.dir/build
gmake[1]: Entering directory '/home/i-use-gentoo-btw/Documents/UntitledVulkanGameEngine/cmake-build-relwithdebinfo/CMakeFiles/CMakeTmp'
Building C object CMakeFiles/cmTC_8cdeb.dir/CheckFunctionExists.c.o
/usr/bin/cc   -DCHECK_FUNCTION_EXISTS=remove -o CMakeFiles/cmTC_8cdeb.dir/CheckFunctionExists.c.o -c /opt/clion/bin/cmake/linux/share/cmake-3.20/Modules/CheckFunctionExists.c
Linking C executable cmTC_8cdeb
/opt/clion/bin/cmake/linux/bin/cmake -E cmake_link_script CMakeFiles/cmTC_8cdeb.dir/link.txt --verbose=1
/usr/bin/cc  -DCHECK_FUNCTION_EXISTS=remove CMakeFiles/cmTC_8cdeb.dir/CheckFunctionExists.c.o -o cmTC_8cdeb 
gmake[1]: Leaving directory '/home/i-use-gentoo-btw/Documents/UntitledVulkanGameEngine/cmake-build-relwithdebinfo/CMakeFiles/CMakeTmp'



Determining if the function shmat exists passed with the following output:
Change Dir: /home/i-use-gentoo-btw/Documents/UntitledVulkanGameEngine/cmake-build-relwithdebinfo/CMakeFiles/CMakeTmp

Run Build Command(s):/usr/bin/gmake -f Makefile cmTC_aed83/fast && /usr/bin/gmake  -f CMakeFiles/cmTC_aed83.dir/build.make CMakeFiles/cmTC_aed83.dir/build
gmake[1]: Entering directory '/home/i-use-gentoo-btw/Documents/UntitledVulkanGameEngine/cmake-build-relwithdebinfo/CMakeFiles/CMakeTmp'
Building C object CMakeFiles/cmTC_aed83.dir/CheckFunctionExists.c.o
/usr/bin/cc   -DCHECK_FUNCTION_EXISTS=shmat -o CMakeFiles/cmTC_aed83.dir/CheckFunctionExists.c.o -c /opt/clion/bin/cmake/linux/share/cmake-3.20/Modules/CheckFunctionExists.c
Linking C executable cmTC_aed83
/opt/clion/bin/cmake/linux/bin/cmake -E cmake_link_script CMakeFiles/cmTC_aed83.dir/link.txt --verbose=1
/usr/bin/cc  -DCHECK_FUNCTION_EXISTS=shmat CMakeFiles/cmTC_aed83.dir/CheckFunctionExists.c.o -o cmTC_aed83 
gmake[1]: Leaving directory '/home/i-use-gentoo-btw/Documents/UntitledVulkanGameEngine/cmake-build-relwithdebinfo/CMakeFiles/CMakeTmp'



Determining if the function IceConnectionNumber exists in the ICE passed with the following output:
Change Dir: /home/i-use-gentoo-btw/Documents/UntitledVulkanGameEngine/cmake-build-relwithdebinfo/CMakeFiles/CMakeTmp

Run Build Command(s):/usr/bin/gmake -f Makefile cmTC_4386a/fast && /usr/bin/gmake  -f CMakeFiles/cmTC_4386a.dir/build.make CMakeFiles/cmTC_4386a.dir/build
gmake[1]: Entering directory '/home/i-use-gentoo-btw/Documents/UntitledVulkanGameEngine/cmake-build-relwithdebinfo/CMakeFiles/CMakeTmp'
Building C object CMakeFiles/cmTC_4386a.dir/CheckFunctionExists.c.o
/usr/bin/cc   -DCHECK_FUNCTION_EXISTS=IceConnectionNumber -o CMakeFiles/cmTC_4386a.dir/CheckFunctionExists.c.o -c /opt/clion/bin/cmake/linux/share/cmake-3.20/Modules/CheckFunctionExists.c
Linking C executable cmTC_4386a
/opt/clion/bin/cmake/linux/bin/cmake -E cmake_link_script CMakeFiles/cmTC_4386a.dir/link.txt --verbose=1
/usr/bin/cc  -DCHECK_FUNCTION_EXISTS=IceConnectionNumber CMakeFiles/cmTC_4386a.dir/CheckFunctionExists.c.o -o cmTC_4386a  -lICE 
gmake[1]: Leaving directory '/home/i-use-gentoo-btw/Documents/UntitledVulkanGameEngine/cmake-build-relwithdebinfo/CMakeFiles/CMakeTmp'



Determining if the posix_memalign exist passed with the following output:
Change Dir: /home/i-use-gentoo-btw/Documents/UntitledVulkanGameEngine/cmake-build-relwithdebinfo/CMakeFiles/CMakeTmp

Run Build Command(s):/usr/bin/gmake -f Makefile cmTC_eb811/fast && /usr/bin/gmake  -f CMakeFiles/cmTC_eb811.dir/build.make CMakeFiles/cmTC_eb811.dir/build
gmake[1]: Entering directory '/home/i-use-gentoo-btw/Documents/UntitledVulkanGameEngine/cmake-build-relwithdebinfo/CMakeFiles/CMakeTmp'
Building C object CMakeFiles/cmTC_eb811.dir/CheckSymbolExists.c.o
/usr/bin/cc    -o CMakeFiles/cmTC_eb811.dir/CheckSymbolExists.c.o -c /home/i-use-gentoo-btw/Documents/UntitledVulkanGameEngine/cmake-build-relwithdebinfo/CMakeFiles/CMakeTmp/CheckSymbolExists.c
Linking C executable cmTC_eb811
/opt/clion/bin/cmake/linux/bin/cmake -E cmake_link_script CMakeFiles/cmTC_eb811.dir/link.txt --verbose=1
/usr/bin/cc -rdynamic CMakeFiles/cmTC_eb811.dir/CheckSymbolExists.c.o -o cmTC_eb811 
gmake[1]: Leaving directory '/home/i-use-gentoo-btw/Documents/UntitledVulkanGameEngine/cmake-build-relwithdebinfo/CMakeFiles/CMakeTmp'


File /home/i-use-gentoo-btw/Documents/UntitledVulkanGameEngine/cmake-build-relwithdebinfo/CMakeFiles/CMakeTmp/CheckSymbolExists.c:
/* */
#include <stdlib.h>

int main(int argc, char** argv)
{
  (void)argv;
#ifndef posix_memalign
  return ((int*)(&posix_memalign))[argc];
#else
  (void)argc;
  return 0;
#endif
}
Performing C++ SOURCE FILE Test HAVE___RESTRICT succeeded with the following output:
Change Dir: /home/i-use-gentoo-btw/Documents/UntitledVulkanGameEngine/cmake-build-relwithdebinfo/CMakeFiles/CMakeTmp

Run Build Command(s):/usr/bin/gmake -f Makefile cmTC_c8904/fast && /usr/bin/gmake  -f CMakeFiles/cmTC_c8904.dir/build.make CMakeFiles/cmTC_c8904.dir/build
gmake[1]: Entering directory '/home/i-use-gentoo-btw/Documents/UntitledVulkanGameEngine/cmake-build-relwithdebinfo/CMakeFiles/CMakeTmp'
Building CXX object CMakeFiles/cmTC_c8904.dir/src.cxx.o
/usr/bin/c++ -DHAVE___RESTRICT  -std=gnu++14 -o CMakeFiles/cmTC_c8904.dir/src.cxx.o -c /home/i-use-gentoo-btw/Documents/UntitledVulkanGameEngine/cmake-build-relwithdebinfo/CMakeFiles/CMakeTmp/src.cxx
Linking CXX executable cmTC_c8904
/opt/clion/bin/cmake/linux/bin/cmake -E cmake_link_script CMakeFiles/cmTC_c8904.dir/link.txt --verbose=1
/usr/bin/c++ CMakeFiles/cmTC_c8904.dir/src.cxx.o -o cmTC_c8904 
gmake[1]: Leaving directory '/home/i-use-gentoo-btw/Documents/UntitledVulkanGameEngine/cmake-build-relwithdebinfo/CMakeFiles/CMakeTmp'


Source file was:
int *__restrict foo;
int main() { return 0; }
Performing C++ SOURCE FILE Test HAVE_LIBATOMIC succeeded with the following output:
Change Dir: /home/i-use-gentoo-btw/Documents/UntitledVulkanGameEngine/cmake-build-relwithdebinfo/CMakeFiles/CMakeTmp

Run Build Command(s):/usr/bin/gmake -f Makefile cmTC_8ce6a/fast && /usr/bin/gmake  -f CMakeFiles/cmTC_8ce6a.dir/build.make CMakeFiles/cmTC_8ce6a.dir/build
gmake[1]: Entering directory '/home/i-use-gentoo-btw/Documents/UntitledVulkanGameEngine/cmake-build-relwithdebinfo/CMakeFiles/CMakeTmp'
Building CXX object CMakeFiles/cmTC_8ce6a.dir/src.cxx.o
/usr/bin/c++ -DHAVE_LIBATOMIC  -std=gnu++14 -o CMakeFiles/cmTC_8ce6a.dir/src.cxx.o -c /home/i-use-gentoo-btw/Documents/UntitledVulkanGameEngine/cmake-build-relwithdebinfo/CMakeFiles/CMakeTmp/src.cxx
Linking CXX executable cmTC_8ce6a
/opt/clion/bin/cmake/linux/bin/cmake -E cmake_link_script CMakeFiles/cmTC_8ce6a.dir/link.txt --verbose=1
/usr/bin/c++ CMakeFiles/cmTC_8ce6a.dir/src.cxx.o -o cmTC_8ce6a  -latomic 
gmake[1]: Leaving directory '/home/i-use-gentoo-btw/Documents/UntitledVulkanGameEngine/cmake-build-relwithdebinfo/CMakeFiles/CMakeTmp'


Source file was:
#include <atomic>
std::atomic<int> foo{0};
int main() { return foo.fetch_add(2); }
Performing C SOURCE FILE Test HAVE_FNO_MATH_ERRNO succeeded with the following output:
Change Dir: /home/i-use-gentoo-btw/Documents/UntitledVulkanGameEngine/cmake-build-relwithdebinfo/CMakeFiles/CMakeTmp

Run Build Command(s):/usr/bin/gmake -f Makefile cmTC_43cd5/fast && /usr/bin/gmake  -f CMakeFiles/cmTC_43cd5.dir/build.make CMakeFiles/cmTC_43cd5.dir/build
gmake[1]: Entering directory '/home/i-use-gentoo-btw/Documents/UntitledVulkanGameEngine/cmake-build-relwithdebinfo/CMakeFiles/CMakeTmp'
Building C object CMakeFiles/cmTC_43cd5.dir/src.c.o
/usr/bin/cc -DHAVE_FNO_MATH_ERRNO  -fno-math-errno -std=gnu11 -o CMakeFiles/cmTC_43cd5.dir/src.c.o -c /home/i-use-gentoo-btw/Documents/UntitledVulkanGameEngine/cmake-build-relwithdebinfo/CMakeFiles/CMakeTmp/src.c
Linking C executable cmTC_43cd5
/opt/clion/bin/cmake/linux/bin/cmake -E cmake_link_script CMakeFiles/cmTC_43cd5.dir/link.txt --verbose=1
/usr/bin/cc CMakeFiles/cmTC_43cd5.dir/src.c.o -o cmTC_43cd5  -latomic 
gmake[1]: Leaving directory '/home/i-use-gentoo-btw/Documents/UntitledVulkanGameEngine/cmake-build-relwithdebinfo/CMakeFiles/CMakeTmp'


Source file was:
int main(void) { return 0; }
Performing C SOURCE FILE Test HAVE_GCC_PROTECTED_VISIBILITY succeeded with the following output:
Change Dir: /home/i-use-gentoo-btw/Documents/UntitledVulkanGameEngine/cmake-build-relwithdebinfo/CMakeFiles/CMakeTmp

Run Build Command(s):/usr/bin/gmake -f Makefile cmTC_bff10/fast && /usr/bin/gmake  -f CMakeFiles/cmTC_bff10.dir/build.make CMakeFiles/cmTC_bff10.dir/build
gmake[1]: Entering directory '/home/i-use-gentoo-btw/Documents/UntitledVulkanGameEngine/cmake-build-relwithdebinfo/CMakeFiles/CMakeTmp'
Building C object CMakeFiles/cmTC_bff10.dir/src.c.o
/usr/bin/cc -DHAVE_GCC_PROTECTED_VISIBILITY  -Wattributes -Werror -std=gnu11 -o CMakeFiles/cmTC_bff10.dir/src.c.o -c /home/i-use-gentoo-btw/Documents/UntitledVulkanGameEngine/cmake-build-relwithdebinfo/CMakeFiles/CMakeTmp/src.c
Linking C executable cmTC_bff10
/opt/clion/bin/cmake/linux/bin/cmake -E cmake_link_script CMakeFiles/cmTC_bff10.dir/link.txt --verbose=1
/usr/bin/cc   -Wattributes -Werror CMakeFiles/cmTC_bff10.dir/src.c.o -o cmTC_bff10  -latomic 
gmake[1]: Leaving directory '/home/i-use-gentoo-btw/Documents/UntitledVulkanGameEngine/cmake-build-relwithdebinfo/CMakeFiles/CMakeTmp'


Source file was:
int foo() __attribute__((visibility("protected")));
                             int main() {return 0;}
Performing C SOURCE FILE Test HAVE_VISIBILITY_HIDDEN_SWITCH succeeded with the following output:
Change Dir: /home/i-use-gentoo-btw/Documents/UntitledVulkanGameEngine/cmake-build-relwithdebinfo/CMakeFiles/CMakeTmp

Run Build Command(s):/usr/bin/gmake -f Makefile cmTC_148e2/fast && /usr/bin/gmake  -f CMakeFiles/cmTC_148e2.dir/build.make CMakeFiles/cmTC_148e2.dir/build
gmake[1]: Entering directory '/home/i-use-gentoo-btw/Documents/UntitledVulkanGameEngine/cmake-build-relwithdebinfo/CMakeFiles/CMakeTmp'
Building C object CMakeFiles/cmTC_148e2.dir/src.c.o
/usr/bin/cc -DHAVE_VISIBILITY_HIDDEN_SWITCH  -Wattributes -Werror   -fvisibility=hidden -std=gnu11 -o CMakeFiles/cmTC_148e2.dir/src.c.o -c /home/i-use-gentoo-btw/Documents/UntitledVulkanGameEngine/cmake-build-relwithdebinfo/CMakeFiles/CMakeTmp/src.c
Linking C executable cmTC_148e2
/opt/clion/bin/cmake/linux/bin/cmake -E cmake_link_script CMakeFiles/cmTC_148e2.dir/link.txt --verbose=1
/usr/bin/cc   -Wattributes -Werror CMakeFiles/cmTC_148e2.dir/src.c.o -o cmTC_148e2  -latomic 
gmake[1]: Leaving directory '/home/i-use-gentoo-btw/Documents/UntitledVulkanGameEngine/cmake-build-relwithdebinfo/CMakeFiles/CMakeTmp'


Source file was:
int main(void) { return 0; }
Performing C SOURCE FILE Test HAVE_MSSE2_SWITCH succeeded with the following output:
Change Dir: /home/i-use-gentoo-btw/Documents/UntitledVulkanGameEngine/cmake-build-relwithdebinfo/CMakeFiles/CMakeTmp

Run Build Command(s):/usr/bin/gmake -f Makefile cmTC_975d9/fast && /usr/bin/gmake  -f CMakeFiles/cmTC_975d9.dir/build.make CMakeFiles/cmTC_975d9.dir/build
gmake[1]: Entering directory '/home/i-use-gentoo-btw/Documents/UntitledVulkanGameEngine/cmake-build-relwithdebinfo/CMakeFiles/CMakeTmp'
Building C object CMakeFiles/cmTC_975d9.dir/src.c.o
/usr/bin/cc -DHAVE_MSSE2_SWITCH  -Werror   -msse2 -std=gnu11 -o CMakeFiles/cmTC_975d9.dir/src.c.o -c /home/i-use-gentoo-btw/Documents/UntitledVulkanGameEngine/cmake-build-relwithdebinfo/CMakeFiles/CMakeTmp/src.c
Linking C executable cmTC_975d9
/opt/clion/bin/cmake/linux/bin/cmake -E cmake_link_script CMakeFiles/cmTC_975d9.dir/link.txt --verbose=1
/usr/bin/cc   -Werror CMakeFiles/cmTC_975d9.dir/src.c.o -o cmTC_975d9  -latomic 
gmake[1]: Leaving directory '/home/i-use-gentoo-btw/Documents/UntitledVulkanGameEngine/cmake-build-relwithdebinfo/CMakeFiles/CMakeTmp'


Source file was:
int main(void) { return 0; }
Determining if the include file xmmintrin.h exists passed with the following output:
Change Dir: /home/i-use-gentoo-btw/Documents/UntitledVulkanGameEngine/cmake-build-relwithdebinfo/CMakeFiles/CMakeTmp

Run Build Command(s):/usr/bin/gmake -f Makefile cmTC_60607/fast && /usr/bin/gmake  -f CMakeFiles/cmTC_60607.dir/build.make CMakeFiles/cmTC_60607.dir/build
gmake[1]: Entering directory '/home/i-use-gentoo-btw/Documents/UntitledVulkanGameEngine/cmake-build-relwithdebinfo/CMakeFiles/CMakeTmp'
Building C object CMakeFiles/cmTC_60607.dir/CheckIncludeFile.c.o
/usr/bin/cc   -std=gnu11 -o CMakeFiles/cmTC_60607.dir/CheckIncludeFile.c.o -c /home/i-use-gentoo-btw/Documents/UntitledVulkanGameEngine/cmake-build-relwithdebinfo/CMakeFiles/CMakeTmp/CheckIncludeFile.c
Linking C executable cmTC_60607
/opt/clion/bin/cmake/linux/bin/cmake -E cmake_link_script CMakeFiles/cmTC_60607.dir/link.txt --verbose=1
/usr/bin/cc CMakeFiles/cmTC_60607.dir/CheckIncludeFile.c.o -o cmTC_60607  -latomic 
gmake[1]: Leaving directory '/home/i-use-gentoo-btw/Documents/UntitledVulkanGameEngine/cmake-build-relwithdebinfo/CMakeFiles/CMakeTmp'



Determining if the include file emmintrin.h exists passed with the following output:
Change Dir: /home/i-use-gentoo-btw/Documents/UntitledVulkanGameEngine/cmake-build-relwithdebinfo/CMakeFiles/CMakeTmp

Run Build Command(s):/usr/bin/gmake -f Makefile cmTC_5bd6c/fast && /usr/bin/gmake  -f CMakeFiles/cmTC_5bd6c.dir/build.make CMakeFiles/cmTC_5bd6c.dir/build
gmake[1]: Entering directory '/home/i-use-gentoo-btw/Documents/UntitledVulkanGameEngine/cmake-build-relwithdebinfo/CMakeFiles/CMakeTmp'
Building C object CMakeFiles/cmTC_5bd6c.dir/CheckIncludeFile.c.o
/usr/bin/cc   -std=gnu11 -o CMakeFiles/cmTC_5bd6c.dir/CheckIncludeFile.c.o -c /home/i-use-gentoo-btw/Documents/UntitledVulkanGameEngine/cmake-build-relwithdebinfo/CMakeFiles/CMakeTmp/CheckIncludeFile.c
Linking C executable cmTC_5bd6c
/opt/clion/bin/cmake/linux/bin/cmake -E cmake_link_script CMakeFiles/cmTC_5bd6c.dir/link.txt --verbose=1
/usr/bin/cc CMakeFiles/cmTC_5bd6c.dir/CheckIncludeFile.c.o -o cmTC_5bd6c  -latomic 
gmake[1]: Leaving directory '/home/i-use-gentoo-btw/Documents/UntitledVulkanGameEngine/cmake-build-relwithdebinfo/CMakeFiles/CMakeTmp'



Determining if the include file pmmintrin.h exists passed with the following output:
Change Dir: /home/i-use-gentoo-btw/Documents/UntitledVulkanGameEngine/cmake-build-relwithdebinfo/CMakeFiles/CMakeTmp

Run Build Command(s):/usr/bin/gmake -f Makefile cmTC_4e573/fast && /usr/bin/gmake  -f CMakeFiles/cmTC_4e573.dir/build.make CMakeFiles/cmTC_4e573.dir/build
gmake[1]: Entering directory '/home/i-use-gentoo-btw/Documents/UntitledVulkanGameEngine/cmake-build-relwithdebinfo/CMakeFiles/CMakeTmp'
Building C object CMakeFiles/cmTC_4e573.dir/CheckIncludeFile.c.o
/usr/bin/cc   -std=gnu11 -o CMakeFiles/cmTC_4e573.dir/CheckIncludeFile.c.o -c /home/i-use-gentoo-btw/Documents/UntitledVulkanGameEngine/cmake-build-relwithdebinfo/CMakeFiles/CMakeTmp/CheckIncludeFile.c
Linking C executable cmTC_4e573
/opt/clion/bin/cmake/linux/bin/cmake -E cmake_link_script CMakeFiles/cmTC_4e573.dir/link.txt --verbose=1
/usr/bin/cc CMakeFiles/cmTC_4e573.dir/CheckIncludeFile.c.o -o cmTC_4e573  -latomic 
gmake[1]: Leaving directory '/home/i-use-gentoo-btw/Documents/UntitledVulkanGameEngine/cmake-build-relwithdebinfo/CMakeFiles/CMakeTmp'



Determining if the include file smmintrin.h exists passed with the following output:
Change Dir: /home/i-use-gentoo-btw/Documents/UntitledVulkanGameEngine/cmake-build-relwithdebinfo/CMakeFiles/CMakeTmp

Run Build Command(s):/usr/bin/gmake -f Makefile cmTC_c8d4e/fast && /usr/bin/gmake  -f CMakeFiles/cmTC_c8d4e.dir/build.make CMakeFiles/cmTC_c8d4e.dir/build
gmake[1]: Entering directory '/home/i-use-gentoo-btw/Documents/UntitledVulkanGameEngine/cmake-build-relwithdebinfo/CMakeFiles/CMakeTmp'
Building C object CMakeFiles/cmTC_c8d4e.dir/CheckIncludeFile.c.o
/usr/bin/cc   -std=gnu11 -o CMakeFiles/cmTC_c8d4e.dir/CheckIncludeFile.c.o -c /home/i-use-gentoo-btw/Documents/UntitledVulkanGameEngine/cmake-build-relwithdebinfo/CMakeFiles/CMakeTmp/CheckIncludeFile.c
Linking C executable cmTC_c8d4e
/opt/clion/bin/cmake/linux/bin/cmake -E cmake_link_script CMakeFiles/cmTC_c8d4e.dir/link.txt --verbose=1
/usr/bin/cc CMakeFiles/cmTC_c8d4e.dir/CheckIncludeFile.c.o -o cmTC_c8d4e  -latomic 
gmake[1]: Leaving directory '/home/i-use-gentoo-btw/Documents/UntitledVulkanGameEngine/cmake-build-relwithdebinfo/CMakeFiles/CMakeTmp'



Performing C SOURCE FILE Test HAVE_SSE_INTRINSICS succeeded with the following output:
Change Dir: /home/i-use-gentoo-btw/Documents/UntitledVulkanGameEngine/cmake-build-relwithdebinfo/CMakeFiles/CMakeTmp

Run Build Command(s):/usr/bin/gmake -f Makefile cmTC_a59f4/fast && /usr/bin/gmake  -f CMakeFiles/cmTC_a59f4.dir/build.make CMakeFiles/cmTC_a59f4.dir/build
gmake[1]: Entering directory '/home/i-use-gentoo-btw/Documents/UntitledVulkanGameEngine/cmake-build-relwithdebinfo/CMakeFiles/CMakeTmp'
Building C object CMakeFiles/cmTC_a59f4.dir/src.c.o
/usr/bin/cc -DHAVE_SSE_INTRINSICS  -std=gnu11 -o CMakeFiles/cmTC_a59f4.dir/src.c.o -c /home/i-use-gentoo-btw/Documents/UntitledVulkanGameEngine/cmake-build-relwithdebinfo/CMakeFiles/CMakeTmp/src.c
Linking C executable cmTC_a59f4
/opt/clion/bin/cmake/linux/bin/cmake -E cmake_link_script CMakeFiles/cmTC_a59f4.dir/link.txt --verbose=1
/usr/bin/cc CMakeFiles/cmTC_a59f4.dir/src.c.o -o cmTC_a59f4  -latomic 
gmake[1]: Leaving directory '/home/i-use-gentoo-btw/Documents/UntitledVulkanGameEngine/cmake-build-relwithdebinfo/CMakeFiles/CMakeTmp'


Source file was:
#include <emmintrin.h>
        int main() {_mm_pause(); return 0;}
Determining if the include file malloc.h exists passed with the following output:
Change Dir: /home/i-use-gentoo-btw/Documents/UntitledVulkanGameEngine/cmake-build-relwithdebinfo/CMakeFiles/CMakeTmp

Run Build Command(s):/usr/bin/gmake -f Makefile cmTC_0a14b/fast && /usr/bin/gmake  -f CMakeFiles/cmTC_0a14b.dir/build.make CMakeFiles/cmTC_0a14b.dir/build
gmake[1]: Entering directory '/home/i-use-gentoo-btw/Documents/UntitledVulkanGameEngine/cmake-build-relwithdebinfo/CMakeFiles/CMakeTmp'
Building C object CMakeFiles/cmTC_0a14b.dir/CheckIncludeFile.c.o
/usr/bin/cc   -std=gnu11 -o CMakeFiles/cmTC_0a14b.dir/CheckIncludeFile.c.o -c /home/i-use-gentoo-btw/Documents/UntitledVulkanGameEngine/cmake-build-relwithdebinfo/CMakeFiles/CMakeTmp/CheckIncludeFile.c
Linking C executable cmTC_0a14b
/opt/clion/bin/cmake/linux/bin/cmake -E cmake_link_script CMakeFiles/cmTC_0a14b.dir/link.txt --verbose=1
/usr/bin/cc CMakeFiles/cmTC_0a14b.dir/CheckIncludeFile.c.o -o cmTC_0a14b  -latomic 
gmake[1]: Leaving directory '/home/i-use-gentoo-btw/Documents/UntitledVulkanGameEngine/cmake-build-relwithdebinfo/CMakeFiles/CMakeTmp'



Determining if the include file cpuid.h exists passed with the following output:
Change Dir: /home/i-use-gentoo-btw/Documents/UntitledVulkanGameEngine/cmake-build-relwithdebinfo/CMakeFiles/CMakeTmp

Run Build Command(s):/usr/bin/gmake -f Makefile cmTC_22f80/fast && /usr/bin/gmake  -f CMakeFiles/cmTC_22f80.dir/build.make CMakeFiles/cmTC_22f80.dir/build
gmake[1]: Entering directory '/home/i-use-gentoo-btw/Documents/UntitledVulkanGameEngine/cmake-build-relwithdebinfo/CMakeFiles/CMakeTmp'
Building C object CMakeFiles/cmTC_22f80.dir/CheckIncludeFile.c.o
/usr/bin/cc   -std=gnu11 -o CMakeFiles/cmTC_22f80.dir/CheckIncludeFile.c.o -c /home/i-use-gentoo-btw/Documents/UntitledVulkanGameEngine/cmake-build-relwithdebinfo/CMakeFiles/CMakeTmp/CheckIncludeFile.c
Linking C executable cmTC_22f80
/opt/clion/bin/cmake/linux/bin/cmake -E cmake_link_script CMakeFiles/cmTC_22f80.dir/link.txt --verbose=1
/usr/bin/cc CMakeFiles/cmTC_22f80.dir/CheckIncludeFile.c.o -o cmTC_22f80  -latomic 
gmake[1]: Leaving directory '/home/i-use-gentoo-btw/Documents/UntitledVulkanGameEngine/cmake-build-relwithdebinfo/CMakeFiles/CMakeTmp'



Determining if the function pow exists in the m passed with the following output:
Change Dir: /home/i-use-gentoo-btw/Documents/UntitledVulkanGameEngine/cmake-build-relwithdebinfo/CMakeFiles/CMakeTmp

Run Build Command(s):/usr/bin/gmake -f Makefile cmTC_f588b/fast && /usr/bin/gmake  -f CMakeFiles/cmTC_f588b.dir/build.make CMakeFiles/cmTC_f588b.dir/build
gmake[1]: Entering directory '/home/i-use-gentoo-btw/Documents/UntitledVulkanGameEngine/cmake-build-relwithdebinfo/CMakeFiles/CMakeTmp'
Building C object CMakeFiles/cmTC_f588b.dir/CheckFunctionExists.c.o
/usr/bin/cc   -DCHECK_FUNCTION_EXISTS=pow -std=gnu11 -o CMakeFiles/cmTC_f588b.dir/CheckFunctionExists.c.o -c /opt/clion/bin/cmake/linux/share/cmake-3.20/Modules/CheckFunctionExists.c
<command-line>: warning: conflicting types for built-in function pow; expected double(double,  double) [-Wbuiltin-declaration-mismatch]
/opt/clion/bin/cmake/linux/share/cmake-3.20/Modules/CheckFunctionExists.c:7:3: note: in expansion of macro CHECK_FUNCTION_EXISTS
    7 |   CHECK_FUNCTION_EXISTS(void);
      |   ^~~~~~~~~~~~~~~~~~~~~
/opt/clion/bin/cmake/linux/share/cmake-3.20/Modules/CheckFunctionExists.c:1:1: note: pow is declared in header <math.h>
  +++ |+#include <math.h>
    1 | #ifdef CHECK_FUNCTION_EXISTS
Linking C executable cmTC_f588b
/opt/clion/bin/cmake/linux/bin/cmake -E cmake_link_script CMakeFiles/cmTC_f588b.dir/link.txt --verbose=1
/usr/bin/cc  -DCHECK_FUNCTION_EXISTS=pow CMakeFiles/cmTC_f588b.dir/CheckFunctionExists.c.o -o cmTC_f588b  -lm -latomic 
gmake[1]: Leaving directory '/home/i-use-gentoo-btw/Documents/UntitledVulkanGameEngine/cmake-build-relwithdebinfo/CMakeFiles/CMakeTmp'



Determining if the function clock_gettime exists in the rt passed with the following output:
Change Dir: /home/i-use-gentoo-btw/Documents/UntitledVulkanGameEngine/cmake-build-relwithdebinfo/CMakeFiles/CMakeTmp

Run Build Command(s):/usr/bin/gmake -f Makefile cmTC_74ff8/fast && /usr/bin/gmake  -f CMakeFiles/cmTC_74ff8.dir/build.make CMakeFiles/cmTC_74ff8.dir/build
gmake[1]: Entering directory '/home/i-use-gentoo-btw/Documents/UntitledVulkanGameEngine/cmake-build-relwithdebinfo/CMakeFiles/CMakeTmp'
Building C object CMakeFiles/cmTC_74ff8.dir/CheckFunctionExists.c.o
/usr/bin/cc   -DCHECK_FUNCTION_EXISTS=clock_gettime -std=gnu11 -o CMakeFiles/cmTC_74ff8.dir/CheckFunctionExists.c.o -c /opt/clion/bin/cmake/linux/share/cmake-3.20/Modules/CheckFunctionExists.c
Linking C executable cmTC_74ff8
/opt/clion/bin/cmake/linux/bin/cmake -E cmake_link_script CMakeFiles/cmTC_74ff8.dir/link.txt --verbose=1
/usr/bin/cc  -DCHECK_FUNCTION_EXISTS=clock_gettime CMakeFiles/cmTC_74ff8.dir/CheckFunctionExists.c.o -o cmTC_74ff8  -lrt -latomic -lm 
gmake[1]: Leaving directory '/home/i-use-gentoo-btw/Documents/UntitledVulkanGameEngine/cmake-build-relwithdebinfo/CMakeFiles/CMakeTmp'



Determining if the include file dlfcn.h exists passed with the following output:
Change Dir: /home/i-use-gentoo-btw/Documents/UntitledVulkanGameEngine/cmake-build-relwithdebinfo/CMakeFiles/CMakeTmp

Run Build Command(s):/usr/bin/gmake -f Makefile cmTC_a487d/fast && /usr/bin/gmake  -f CMakeFiles/cmTC_a487d.dir/build.make CMakeFiles/cmTC_a487d.dir/build
gmake[1]: Entering directory '/home/i-use-gentoo-btw/Documents/UntitledVulkanGameEngine/cmake-build-relwithdebinfo/CMakeFiles/CMakeTmp'
Building C object CMakeFiles/cmTC_a487d.dir/CheckIncludeFile.c.o
/usr/bin/cc   -std=gnu11 -o CMakeFiles/cmTC_a487d.dir/CheckIncludeFile.c.o -c /home/i-use-gentoo-btw/Documents/UntitledVulkanGameEngine/cmake-build-relwithdebinfo/CMakeFiles/CMakeTmp/CheckIncludeFile.c
Linking C executable cmTC_a487d
/opt/clion/bin/cmake/linux/bin/cmake -E cmake_link_script CMakeFiles/cmTC_a487d.dir/link.txt --verbose=1
/usr/bin/cc CMakeFiles/cmTC_a487d.dir/CheckIncludeFile.c.o -o cmTC_a487d  -latomic -lm 
gmake[1]: Leaving directory '/home/i-use-gentoo-btw/Documents/UntitledVulkanGameEngine/cmake-build-relwithdebinfo/CMakeFiles/CMakeTmp'



Determining if the function dlopen exists in the dl passed with the following output:
Change Dir: /home/i-use-gentoo-btw/Documents/UntitledVulkanGameEngine/cmake-build-relwithdebinfo/CMakeFiles/CMakeTmp

Run Build Command(s):/usr/bin/gmake -f Makefile cmTC_a4fb0/fast && /usr/bin/gmake  -f CMakeFiles/cmTC_a4fb0.dir/build.make CMakeFiles/cmTC_a4fb0.dir/build
gmake[1]: Entering directory '/home/i-use-gentoo-btw/Documents/UntitledVulkanGameEngine/cmake-build-relwithdebinfo/CMakeFiles/CMakeTmp'
Building C object CMakeFiles/cmTC_a4fb0.dir/CheckFunctionExists.c.o
/usr/bin/cc   -DCHECK_FUNCTION_EXISTS=dlopen -std=gnu11 -o CMakeFiles/cmTC_a4fb0.dir/CheckFunctionExists.c.o -c /opt/clion/bin/cmake/linux/share/cmake-3.20/Modules/CheckFunctionExists.c
Linking C executable cmTC_a4fb0
/opt/clion/bin/cmake/linux/bin/cmake -E cmake_link_script CMakeFiles/cmTC_a4fb0.dir/link.txt --verbose=1
/usr/bin/cc  -DCHECK_FUNCTION_EXISTS=dlopen CMakeFiles/cmTC_a4fb0.dir/CheckFunctionExists.c.o -o cmTC_a4fb0  -ldl -latomic -lm 
gmake[1]: Leaving directory '/home/i-use-gentoo-btw/Documents/UntitledVulkanGameEngine/cmake-build-relwithdebinfo/CMakeFiles/CMakeTmp'



Performing C SOURCE FILE Test HAVE_GCC_GET_CPUID succeeded with the following output:
Change Dir: /home/i-use-gentoo-btw/Documents/UntitledVulkanGameEngine/cmake-build-relwithdebinfo/CMakeFiles/CMakeTmp

Run Build Command(s):/usr/bin/gmake -f Makefile cmTC_6cdf9/fast && /usr/bin/gmake  -f CMakeFiles/cmTC_6cdf9.dir/build.make CMakeFiles/cmTC_6cdf9.dir/build
gmake[1]: Entering directory '/home/i-use-gentoo-btw/Documents/UntitledVulkanGameEngine/cmake-build-relwithdebinfo/CMakeFiles/CMakeTmp'
Building C object CMakeFiles/cmTC_6cdf9.dir/src.c.o
/usr/bin/cc -DHAVE_GCC_GET_CPUID  -std=gnu11 -o CMakeFiles/cmTC_6cdf9.dir/src.c.o -c /home/i-use-gentoo-btw/Documents/UntitledVulkanGameEngine/cmake-build-relwithdebinfo/CMakeFiles/CMakeTmp/src.c
Linking C executable cmTC_6cdf9
/opt/clion/bin/cmake/linux/bin/cmake -E cmake_link_script CMakeFiles/cmTC_6cdf9.dir/link.txt --verbose=1
/usr/bin/cc CMakeFiles/cmTC_6cdf9.dir/src.c.o -o cmTC_6cdf9  -latomic -lm -ldl 
gmake[1]: Leaving directory '/home/i-use-gentoo-btw/Documents/UntitledVulkanGameEngine/cmake-build-relwithdebinfo/CMakeFiles/CMakeTmp'


Source file was:
#include <cpuid.h>
        int main()
        {
            unsigned int eax, ebx, ecx, edx;
            return __get_cpuid(0, &eax, &ebx, &ecx, &edx);
        }
Determining if the posix_memalign exist passed with the following output:
Change Dir: /home/i-use-gentoo-btw/Documents/UntitledVulkanGameEngine/cmake-build-relwithdebinfo/CMakeFiles/CMakeTmp

Run Build Command(s):/usr/bin/gmake -f Makefile cmTC_0ec2d/fast && /usr/bin/gmake  -f CMakeFiles/cmTC_0ec2d.dir/build.make CMakeFiles/cmTC_0ec2d.dir/build
gmake[1]: Entering directory '/home/i-use-gentoo-btw/Documents/UntitledVulkanGameEngine/cmake-build-relwithdebinfo/CMakeFiles/CMakeTmp'
Building C object CMakeFiles/cmTC_0ec2d.dir/CheckSymbolExists.c.o
/usr/bin/cc    -o CMakeFiles/cmTC_0ec2d.dir/CheckSymbolExists.c.o -c /home/i-use-gentoo-btw/Documents/UntitledVulkanGameEngine/cmake-build-relwithdebinfo/CMakeFiles/CMakeTmp/CheckSymbolExists.c
Linking C executable cmTC_0ec2d
/opt/clion/bin/cmake/linux/bin/cmake -E cmake_link_script CMakeFiles/cmTC_0ec2d.dir/link.txt --verbose=1
/usr/bin/cc -rdynamic CMakeFiles/cmTC_0ec2d.dir/CheckSymbolExists.c.o -o cmTC_0ec2d  -latomic -lm -ldl 
gmake[1]: Leaving directory '/home/i-use-gentoo-btw/Documents/UntitledVulkanGameEngine/cmake-build-relwithdebinfo/CMakeFiles/CMakeTmp'


File /home/i-use-gentoo-btw/Documents/UntitledVulkanGameEngine/cmake-build-relwithdebinfo/CMakeFiles/CMakeTmp/CheckSymbolExists.c:
/* */
#include <stdlib.h>

int main(int argc, char** argv)
{
  (void)argv;
#ifndef posix_memalign
  return ((int*)(&posix_memalign))[argc];
#else
  (void)argc;
  return 0;
#endif
}
Determining if the include file pthread.h exists passed with the following output:
Change Dir: /home/i-use-gentoo-btw/Documents/UntitledVulkanGameEngine/cmake-build-relwithdebinfo/CMakeFiles/CMakeTmp

Run Build Command(s):/usr/bin/gmake -f Makefile cmTC_201e3/fast && /usr/bin/gmake  -f CMakeFiles/cmTC_201e3.dir/build.make CMakeFiles/cmTC_201e3.dir/build
gmake[1]: Entering directory '/home/i-use-gentoo-btw/Documents/UntitledVulkanGameEngine/cmake-build-relwithdebinfo/CMakeFiles/CMakeTmp'
Building C object CMakeFiles/cmTC_201e3.dir/CheckIncludeFile.c.o
/usr/bin/cc   -std=gnu11 -o CMakeFiles/cmTC_201e3.dir/CheckIncludeFile.c.o -c /home/i-use-gentoo-btw/Documents/UntitledVulkanGameEngine/cmake-build-relwithdebinfo/CMakeFiles/CMakeTmp/CheckIncludeFile.c
Linking C executable cmTC_201e3
/opt/clion/bin/cmake/linux/bin/cmake -E cmake_link_script CMakeFiles/cmTC_201e3.dir/link.txt --verbose=1
/usr/bin/cc CMakeFiles/cmTC_201e3.dir/CheckIncludeFile.c.o -o cmTC_201e3  -latomic -lm -ldl 
gmake[1]: Leaving directory '/home/i-use-gentoo-btw/Documents/UntitledVulkanGameEngine/cmake-build-relwithdebinfo/CMakeFiles/CMakeTmp'



Performing C SOURCE FILE Test HAVE_PTHREAD succeeded with the following output:
Change Dir: /home/i-use-gentoo-btw/Documents/UntitledVulkanGameEngine/cmake-build-relwithdebinfo/CMakeFiles/CMakeTmp

Run Build Command(s):/usr/bin/gmake -f Makefile cmTC_ba857/fast && /usr/bin/gmake  -f CMakeFiles/cmTC_ba857.dir/build.make CMakeFiles/cmTC_ba857.dir/build
gmake[1]: Entering directory '/home/i-use-gentoo-btw/Documents/UntitledVulkanGameEngine/cmake-build-relwithdebinfo/CMakeFiles/CMakeTmp'
Building C object CMakeFiles/cmTC_ba857.dir/src.c.o
/usr/bin/cc -DHAVE_PTHREAD  -pthread -std=gnu11 -o CMakeFiles/cmTC_ba857.dir/src.c.o -c /home/i-use-gentoo-btw/Documents/UntitledVulkanGameEngine/cmake-build-relwithdebinfo/CMakeFiles/CMakeTmp/src.c
Linking C executable cmTC_ba857
/opt/clion/bin/cmake/linux/bin/cmake -E cmake_link_script CMakeFiles/cmTC_ba857.dir/link.txt --verbose=1
/usr/bin/cc CMakeFiles/cmTC_ba857.dir/src.c.o -o cmTC_ba857  -latomic -lm -ldl 
gmake[1]: Leaving directory '/home/i-use-gentoo-btw/Documents/UntitledVulkanGameEngine/cmake-build-relwithdebinfo/CMakeFiles/CMakeTmp'


Source file was:
int main(void) { return 0; }
Determining if the pthread_setschedparam exist passed with the following output:
Change Dir: /home/i-use-gentoo-btw/Documents/UntitledVulkanGameEngine/cmake-build-relwithdebinfo/CMakeFiles/CMakeTmp

Run Build Command(s):/usr/bin/gmake -f Makefile cmTC_7bd77/fast && /usr/bin/gmake  -f CMakeFiles/cmTC_7bd77.dir/build.make CMakeFiles/cmTC_7bd77.dir/build
gmake[1]: Entering directory '/home/i-use-gentoo-btw/Documents/UntitledVulkanGameEngine/cmake-build-relwithdebinfo/CMakeFiles/CMakeTmp'
Building C object CMakeFiles/cmTC_7bd77.dir/CheckSymbolExists.c.o
/usr/bin/cc   -pthread -o CMakeFiles/cmTC_7bd77.dir/CheckSymbolExists.c.o -c /home/i-use-gentoo-btw/Documents/UntitledVulkanGameEngine/cmake-build-relwithdebinfo/CMakeFiles/CMakeTmp/CheckSymbolExists.c
Linking C executable cmTC_7bd77
/opt/clion/bin/cmake/linux/bin/cmake -E cmake_link_script CMakeFiles/cmTC_7bd77.dir/link.txt --verbose=1
/usr/bin/cc   -pthread -rdynamic CMakeFiles/cmTC_7bd77.dir/CheckSymbolExists.c.o -o cmTC_7bd77  -latomic -lm -ldl 
gmake[1]: Leaving directory '/home/i-use-gentoo-btw/Documents/UntitledVulkanGameEngine/cmake-build-relwithdebinfo/CMakeFiles/CMakeTmp'


File /home/i-use-gentoo-btw/Documents/UntitledVulkanGameEngine/cmake-build-relwithdebinfo/CMakeFiles/CMakeTmp/CheckSymbolExists.c:
/* */
#include <pthread.h>

int main(int argc, char** argv)
{
  (void)argv;
#ifndef pthread_setschedparam
  return ((int*)(&pthread_setschedparam))[argc];
#else
  (void)argc;
  return 0;
#endif
}
Determining if the getopt exist passed with the following output:
Change Dir: /home/i-use-gentoo-btw/Documents/UntitledVulkanGameEngine/cmake-build-relwithdebinfo/CMakeFiles/CMakeTmp

Run Build Command(s):/usr/bin/gmake -f Makefile cmTC_f0570/fast && /usr/bin/gmake  -f CMakeFiles/cmTC_f0570.dir/build.make CMakeFiles/cmTC_f0570.dir/build
gmake[1]: Entering directory '/home/i-use-gentoo-btw/Documents/UntitledVulkanGameEngine/cmake-build-relwithdebinfo/CMakeFiles/CMakeTmp'
Building C object CMakeFiles/cmTC_f0570.dir/CheckSymbolExists.c.o
/usr/bin/cc   -pthread -o CMakeFiles/cmTC_f0570.dir/CheckSymbolExists.c.o -c /home/i-use-gentoo-btw/Documents/UntitledVulkanGameEngine/cmake-build-relwithdebinfo/CMakeFiles/CMakeTmp/CheckSymbolExists.c
Linking C executable cmTC_f0570
/opt/clion/bin/cmake/linux/bin/cmake -E cmake_link_script CMakeFiles/cmTC_f0570.dir/link.txt --verbose=1
/usr/bin/cc   -pthread -rdynamic CMakeFiles/cmTC_f0570.dir/CheckSymbolExists.c.o -o cmTC_f0570  -latomic -lm -ldl 
gmake[1]: Leaving directory '/home/i-use-gentoo-btw/Documents/UntitledVulkanGameEngine/cmake-build-relwithdebinfo/CMakeFiles/CMakeTmp'


File /home/i-use-gentoo-btw/Documents/UntitledVulkanGameEngine/cmake-build-relwithdebinfo/CMakeFiles/CMakeTmp/CheckSymbolExists.c:
/* */
#include <unistd.h>

int main(int argc, char** argv)
{
  (void)argv;
#ifndef getopt
  return ((int*)(&getopt))[argc];
#else
  (void)argc;
  return 0;
#endif
}
Determining if the BZ2_bzCompressInit exist passed with the following output:
Change Dir: /home/i-use-gentoo-btw/Documents/UntitledVulkanGameEngine/cmake-build-relwithdebinfo/CMakeFiles/CMakeTmp

Run Build Command(s):/usr/bin/gmake -f Makefile cmTC_0f7b8/fast && /usr/bin/gmake  -f CMakeFiles/cmTC_0f7b8.dir/build.make CMakeFiles/cmTC_0f7b8.dir/build
gmake[1]: Entering directory '/home/i-use-gentoo-btw/Documents/UntitledVulkanGameEngine/cmake-build-relwithdebinfo/CMakeFiles/CMakeTmp'
Building C object CMakeFiles/cmTC_0f7b8.dir/CheckSymbolExists.c.o
/usr/bin/cc    -o CMakeFiles/cmTC_0f7b8.dir/CheckSymbolExists.c.o -c /home/i-use-gentoo-btw/Documents/UntitledVulkanGameEngine/cmake-build-relwithdebinfo/CMakeFiles/CMakeTmp/CheckSymbolExists.c
Linking C executable cmTC_0f7b8
/opt/clion/bin/cmake/linux/bin/cmake -E cmake_link_script CMakeFiles/cmTC_0f7b8.dir/link.txt --verbose=1
/usr/bin/cc -rdynamic CMakeFiles/cmTC_0f7b8.dir/CheckSymbolExists.c.o -o cmTC_0f7b8  -lbz2 
gmake[1]: Leaving directory '/home/i-use-gentoo-btw/Documents/UntitledVulkanGameEngine/cmake-build-relwithdebinfo/CMakeFiles/CMakeTmp'


File /home/i-use-gentoo-btw/Documents/UntitledVulkanGameEngine/cmake-build-relwithdebinfo/CMakeFiles/CMakeTmp/CheckSymbolExists.c:
/* */
#include <bzlib.h>

int main(int argc, char** argv)
{
  (void)argv;
#ifndef BZ2_bzCompressInit
  return ((int*)(&BZ2_bzCompressInit))[argc];
#else
  (void)argc;
  return 0;
#endif
}
Determining if the include file unistd.h exists passed with the following output:
Change Dir: /home/i-use-gentoo-btw/Documents/UntitledVulkanGameEngine/cmake-build-relwithdebinfo/CMakeFiles/CMakeTmp

Run Build Command(s):/usr/bin/gmake -f Makefile cmTC_b106e/fast && /usr/bin/gmake  -f CMakeFiles/cmTC_b106e.dir/build.make CMakeFiles/cmTC_b106e.dir/build
gmake[1]: Entering directory '/home/i-use-gentoo-btw/Documents/UntitledVulkanGameEngine/cmake-build-relwithdebinfo/CMakeFiles/CMakeTmp'
Building C object CMakeFiles/cmTC_b106e.dir/CheckIncludeFile.c.o
/usr/bin/cc    -o CMakeFiles/cmTC_b106e.dir/CheckIncludeFile.c.o -c /home/i-use-gentoo-btw/Documents/UntitledVulkanGameEngine/cmake-build-relwithdebinfo/CMakeFiles/CMakeTmp/CheckIncludeFile.c
Linking C executable cmTC_b106e
/opt/clion/bin/cmake/linux/bin/cmake -E cmake_link_script CMakeFiles/cmTC_b106e.dir/link.txt --verbose=1
/usr/bin/cc CMakeFiles/cmTC_b106e.dir/CheckIncludeFile.c.o -o cmTC_b106e 
gmake[1]: Leaving directory '/home/i-use-gentoo-btw/Documents/UntitledVulkanGameEngine/cmake-build-relwithdebinfo/CMakeFiles/CMakeTmp'



Determining if the include file fcntl.h exists passed with the following output:
Change Dir: /home/i-use-gentoo-btw/Documents/UntitledVulkanGameEngine/cmake-build-relwithdebinfo/CMakeFiles/CMakeTmp

Run Build Command(s):/usr/bin/gmake -f Makefile cmTC_6c2de/fast && /usr/bin/gmake  -f CMakeFiles/cmTC_6c2de.dir/build.make CMakeFiles/cmTC_6c2de.dir/build
gmake[1]: Entering directory '/home/i-use-gentoo-btw/Documents/UntitledVulkanGameEngine/cmake-build-relwithdebinfo/CMakeFiles/CMakeTmp'
Building C object CMakeFiles/cmTC_6c2de.dir/CheckIncludeFile.c.o
/usr/bin/cc    -o CMakeFiles/cmTC_6c2de.dir/CheckIncludeFile.c.o -c /home/i-use-gentoo-btw/Documents/UntitledVulkanGameEngine/cmake-build-relwithdebinfo/CMakeFiles/CMakeTmp/CheckIncludeFile.c
Linking C executable cmTC_6c2de
/opt/clion/bin/cmake/linux/bin/cmake -E cmake_link_script CMakeFiles/cmTC_6c2de.dir/link.txt --verbose=1
/usr/bin/cc CMakeFiles/cmTC_6c2de.dir/CheckIncludeFile.c.o -o cmTC_6c2de 
gmake[1]: Leaving directory '/home/i-use-gentoo-btw/Documents/UntitledVulkanGameEngine/cmake-build-relwithdebinfo/CMakeFiles/CMakeTmp'



