Performing C SOURCE FILE Test CMAKE_HAVE_LIBC_PTHREAD failed with the following output:
Change Dir: /home/i-use-gentoo-btw/Desktop/UntitledVulkanGameEngine/build/CMakeFiles/CMakeTmp

Run Build Command(s):/usr/bin/gmake cmTC_fa1a1/fast && /usr/bin/gmake  -f CMakeFiles/cmTC_fa1a1.dir/build.make CMakeFiles/cmTC_fa1a1.dir/build
gmake[1]: Entering directory '/home/i-use-gentoo-btw/Desktop/UntitledVulkanGameEngine/build/CMakeFiles/CMakeTmp'
Building C object CMakeFiles/cmTC_fa1a1.dir/src.c.o
/usr/bin/cc -DCMAKE_HAVE_LIBC_PTHREAD   -o CMakeFiles/cmTC_fa1a1.dir/src.c.o -c /home/i-use-gentoo-btw/Desktop/UntitledVulkanGameEngine/build/CMakeFiles/CMakeTmp/src.c
Linking C executable cmTC_fa1a1
/usr/bin/cmake -E cmake_link_script CMakeFiles/cmTC_fa1a1.dir/link.txt --verbose=1
/usr/bin/cc CMakeFiles/cmTC_fa1a1.dir/src.c.o -o cmTC_fa1a1 
/usr/lib/gcc/x86_64-pc-linux-gnu/9.2.0/../../../../x86_64-pc-linux-gnu/bin/ld: CMakeFiles/cmTC_fa1a1.dir/src.c.o: in function `main':
src.c:(.text+0x3e): undefined reference to `pthread_create'
/usr/lib/gcc/x86_64-pc-linux-gnu/9.2.0/../../../../x86_64-pc-linux-gnu/bin/ld: src.c:(.text+0x4a): undefined reference to `pthread_detach'
/usr/lib/gcc/x86_64-pc-linux-gnu/9.2.0/../../../../x86_64-pc-linux-gnu/bin/ld: src.c:(.text+0x56): undefined reference to `pthread_cancel'
/usr/lib/gcc/x86_64-pc-linux-gnu/9.2.0/../../../../x86_64-pc-linux-gnu/bin/ld: src.c:(.text+0x67): undefined reference to `pthread_join'
collect2: error: ld returned 1 exit status
gmake[1]: *** [CMakeFiles/cmTC_fa1a1.dir/build.make:106: cmTC_fa1a1] Error 1
gmake[1]: Leaving directory '/home/i-use-gentoo-btw/Desktop/UntitledVulkanGameEngine/build/CMakeFiles/CMakeTmp'
gmake: *** [Makefile:140: cmTC_fa1a1/fast] Error 2


Source file was:
#include <pthread.h>

static void* test_func(void* data)
{
  return data;
}

int main(void)
{
  pthread_t thread;
  pthread_create(&thread, NULL, test_func, NULL);
  pthread_detach(thread);
  pthread_cancel(thread);
  pthread_join(thread, NULL);
  pthread_atfork(NULL, NULL, NULL);
  pthread_exit(NULL);

  return 0;
}

Determining if the function pthread_create exists in the pthreads failed with the following output:
Change Dir: /home/i-use-gentoo-btw/Desktop/UntitledVulkanGameEngine/build/CMakeFiles/CMakeTmp

Run Build Command(s):/usr/bin/gmake cmTC_0bce6/fast && /usr/bin/gmake  -f CMakeFiles/cmTC_0bce6.dir/build.make CMakeFiles/cmTC_0bce6.dir/build
gmake[1]: Entering directory '/home/i-use-gentoo-btw/Desktop/UntitledVulkanGameEngine/build/CMakeFiles/CMakeTmp'
Building C object CMakeFiles/cmTC_0bce6.dir/CheckFunctionExists.c.o
/usr/bin/cc   -DCHECK_FUNCTION_EXISTS=pthread_create -o CMakeFiles/cmTC_0bce6.dir/CheckFunctionExists.c.o -c /usr/share/cmake/Modules/CheckFunctionExists.c
Linking C executable cmTC_0bce6
/usr/bin/cmake -E cmake_link_script CMakeFiles/cmTC_0bce6.dir/link.txt --verbose=1
/usr/bin/cc  -DCHECK_FUNCTION_EXISTS=pthread_create CMakeFiles/cmTC_0bce6.dir/CheckFunctionExists.c.o -o cmTC_0bce6  -lpthreads 
/usr/lib/gcc/x86_64-pc-linux-gnu/9.2.0/../../../../x86_64-pc-linux-gnu/bin/ld: cannot find -lpthreads
collect2: error: ld returned 1 exit status
gmake[1]: *** [CMakeFiles/cmTC_0bce6.dir/build.make:106: cmTC_0bce6] Error 1
gmake[1]: Leaving directory '/home/i-use-gentoo-btw/Desktop/UntitledVulkanGameEngine/build/CMakeFiles/CMakeTmp'
gmake: *** [Makefile:140: cmTC_0bce6/fast] Error 2



Determining if the function __android_log_print exists in the log failed with the following output:
Change Dir: /home/i-use-gentoo-btw/Desktop/UntitledVulkanGameEngine/build/CMakeFiles/CMakeTmp

Run Build Command(s):/usr/bin/gmake cmTC_37416/fast && /usr/bin/gmake  -f CMakeFiles/cmTC_37416.dir/build.make CMakeFiles/cmTC_37416.dir/build
gmake[1]: Entering directory '/home/i-use-gentoo-btw/Desktop/UntitledVulkanGameEngine/build/CMakeFiles/CMakeTmp'
Building C object CMakeFiles/cmTC_37416.dir/CheckFunctionExists.c.o
/usr/bin/cc   -DCHECK_FUNCTION_EXISTS=__android_log_print -std=gnu11 -o CMakeFiles/cmTC_37416.dir/CheckFunctionExists.c.o -c /usr/share/cmake/Modules/CheckFunctionExists.c
Linking C executable cmTC_37416
/usr/bin/cmake -E cmake_link_script CMakeFiles/cmTC_37416.dir/link.txt --verbose=1
/usr/bin/cc  -DCHECK_FUNCTION_EXISTS=__android_log_print CMakeFiles/cmTC_37416.dir/CheckFunctionExists.c.o -o cmTC_37416  -llog -latomic 
/usr/lib/gcc/x86_64-pc-linux-gnu/9.2.0/../../../../x86_64-pc-linux-gnu/bin/ld: cannot find -llog
collect2: error: ld returned 1 exit status
gmake[1]: *** [CMakeFiles/cmTC_37416.dir/build.make:106: cmTC_37416] Error 1
gmake[1]: Leaving directory '/home/i-use-gentoo-btw/Desktop/UntitledVulkanGameEngine/build/CMakeFiles/CMakeTmp'
gmake: *** [Makefile:140: cmTC_37416/fast] Error 2



Performing C SOURCE FILE Test HAVE_MFPU_NEON_SWITCH failed with the following output:
Change Dir: /home/i-use-gentoo-btw/Desktop/UntitledVulkanGameEngine/build/CMakeFiles/CMakeTmp

Run Build Command(s):/usr/bin/gmake cmTC_b9b0f/fast && /usr/bin/gmake  -f CMakeFiles/cmTC_b9b0f.dir/build.make CMakeFiles/cmTC_b9b0f.dir/build
gmake[1]: Entering directory '/home/i-use-gentoo-btw/Desktop/UntitledVulkanGameEngine/build/CMakeFiles/CMakeTmp'
Building C object CMakeFiles/cmTC_b9b0f.dir/src.c.o
/usr/bin/cc -DHAVE_MFPU_NEON_SWITCH  -Werror   -mfpu=neon -std=gnu11 -o CMakeFiles/cmTC_b9b0f.dir/src.c.o -c /home/i-use-gentoo-btw/Desktop/UntitledVulkanGameEngine/build/CMakeFiles/CMakeTmp/src.c
cc: error: unrecognized command line option '-mfpu=neon'
gmake[1]: *** [CMakeFiles/cmTC_b9b0f.dir/build.make:85: CMakeFiles/cmTC_b9b0f.dir/src.c.o] Error 1
gmake[1]: Leaving directory '/home/i-use-gentoo-btw/Desktop/UntitledVulkanGameEngine/build/CMakeFiles/CMakeTmp'
gmake: *** [Makefile:140: cmTC_b9b0f/fast] Error 2


Source file was:
int main(void) { return 0; }
Determining if the include file arm_neon.h exists failed with the following output:
Change Dir: /home/i-use-gentoo-btw/Desktop/UntitledVulkanGameEngine/build/CMakeFiles/CMakeTmp

Run Build Command(s):/usr/bin/gmake cmTC_16057/fast && /usr/bin/gmake  -f CMakeFiles/cmTC_16057.dir/build.make CMakeFiles/cmTC_16057.dir/build
gmake[1]: Entering directory '/home/i-use-gentoo-btw/Desktop/UntitledVulkanGameEngine/build/CMakeFiles/CMakeTmp'
Building C object CMakeFiles/cmTC_16057.dir/CheckIncludeFile.c.o
/usr/bin/cc   -std=gnu11 -o CMakeFiles/cmTC_16057.dir/CheckIncludeFile.c.o -c /home/i-use-gentoo-btw/Desktop/UntitledVulkanGameEngine/build/CMakeFiles/CMakeTmp/CheckIncludeFile.c
/home/i-use-gentoo-btw/Desktop/UntitledVulkanGameEngine/build/CMakeFiles/CMakeTmp/CheckIncludeFile.c:1:10: fatal error: arm_neon.h: No such file or directory
    1 | #include <arm_neon.h>
      |          ^~~~~~~~~~~~
compilation terminated.
gmake[1]: *** [CMakeFiles/cmTC_16057.dir/build.make:85: CMakeFiles/cmTC_16057.dir/CheckIncludeFile.c.o] Error 1
gmake[1]: Leaving directory '/home/i-use-gentoo-btw/Desktop/UntitledVulkanGameEngine/build/CMakeFiles/CMakeTmp'
gmake: *** [Makefile:140: cmTC_16057/fast] Error 2



Determining if the include file intrin.h exists failed with the following output:
Change Dir: /home/i-use-gentoo-btw/Desktop/UntitledVulkanGameEngine/build/CMakeFiles/CMakeTmp

Run Build Command(s):/usr/bin/gmake cmTC_239c6/fast && /usr/bin/gmake  -f CMakeFiles/cmTC_239c6.dir/build.make CMakeFiles/cmTC_239c6.dir/build
gmake[1]: Entering directory '/home/i-use-gentoo-btw/Desktop/UntitledVulkanGameEngine/build/CMakeFiles/CMakeTmp'
Building C object CMakeFiles/cmTC_239c6.dir/CheckIncludeFile.c.o
/usr/bin/cc   -std=gnu11 -o CMakeFiles/cmTC_239c6.dir/CheckIncludeFile.c.o -c /home/i-use-gentoo-btw/Desktop/UntitledVulkanGameEngine/build/CMakeFiles/CMakeTmp/CheckIncludeFile.c
/home/i-use-gentoo-btw/Desktop/UntitledVulkanGameEngine/build/CMakeFiles/CMakeTmp/CheckIncludeFile.c:1:10: fatal error: intrin.h: No such file or directory
    1 | #include <intrin.h>
      |          ^~~~~~~~~~
compilation terminated.
gmake[1]: *** [CMakeFiles/cmTC_239c6.dir/build.make:85: CMakeFiles/cmTC_239c6.dir/CheckIncludeFile.c.o] Error 1
gmake[1]: Leaving directory '/home/i-use-gentoo-btw/Desktop/UntitledVulkanGameEngine/build/CMakeFiles/CMakeTmp'
gmake: *** [Makefile:140: cmTC_239c6/fast] Error 2



Determining if the include file guiddef.h exists failed with the following output:
Change Dir: /home/i-use-gentoo-btw/Desktop/UntitledVulkanGameEngine/build/CMakeFiles/CMakeTmp

Run Build Command(s):/usr/bin/gmake cmTC_2f626/fast && /usr/bin/gmake  -f CMakeFiles/cmTC_2f626.dir/build.make CMakeFiles/cmTC_2f626.dir/build
gmake[1]: Entering directory '/home/i-use-gentoo-btw/Desktop/UntitledVulkanGameEngine/build/CMakeFiles/CMakeTmp'
Building C object CMakeFiles/cmTC_2f626.dir/CheckIncludeFile.c.o
/usr/bin/cc   -std=gnu11 -o CMakeFiles/cmTC_2f626.dir/CheckIncludeFile.c.o -c /home/i-use-gentoo-btw/Desktop/UntitledVulkanGameEngine/build/CMakeFiles/CMakeTmp/CheckIncludeFile.c
/home/i-use-gentoo-btw/Desktop/UntitledVulkanGameEngine/build/CMakeFiles/CMakeTmp/CheckIncludeFile.c:1:10: fatal error: guiddef.h: No such file or directory
    1 | #include <guiddef.h>
      |          ^~~~~~~~~~~
compilation terminated.
gmake[1]: *** [CMakeFiles/cmTC_2f626.dir/build.make:85: CMakeFiles/cmTC_2f626.dir/CheckIncludeFile.c.o] Error 1
gmake[1]: Leaving directory '/home/i-use-gentoo-btw/Desktop/UntitledVulkanGameEngine/build/CMakeFiles/CMakeTmp'
gmake: *** [Makefile:140: cmTC_2f626/fast] Error 2



Determining if the include file initguid.h exists failed with the following output:
Change Dir: /home/i-use-gentoo-btw/Desktop/UntitledVulkanGameEngine/build/CMakeFiles/CMakeTmp

Run Build Command(s):/usr/bin/gmake cmTC_b909a/fast && /usr/bin/gmake  -f CMakeFiles/cmTC_b909a.dir/build.make CMakeFiles/cmTC_b909a.dir/build
gmake[1]: Entering directory '/home/i-use-gentoo-btw/Desktop/UntitledVulkanGameEngine/build/CMakeFiles/CMakeTmp'
Building C object CMakeFiles/cmTC_b909a.dir/CheckIncludeFile.c.o
/usr/bin/cc   -std=gnu11 -o CMakeFiles/cmTC_b909a.dir/CheckIncludeFile.c.o -c /home/i-use-gentoo-btw/Desktop/UntitledVulkanGameEngine/build/CMakeFiles/CMakeTmp/CheckIncludeFile.c
/home/i-use-gentoo-btw/Desktop/UntitledVulkanGameEngine/build/CMakeFiles/CMakeTmp/CheckIncludeFile.c:1:10: fatal error: initguid.h: No such file or directory
    1 | #include <initguid.h>
      |          ^~~~~~~~~~~~
compilation terminated.
gmake[1]: *** [CMakeFiles/cmTC_b909a.dir/build.make:85: CMakeFiles/cmTC_b909a.dir/CheckIncludeFile.c.o] Error 1
gmake[1]: Leaving directory '/home/i-use-gentoo-btw/Desktop/UntitledVulkanGameEngine/build/CMakeFiles/CMakeTmp'
gmake: *** [Makefile:140: cmTC_b909a/fast] Error 2



Performing C++ SOURCE FILE Test HAVE_STD_ALIGNED_ALLOC failed with the following output:
Change Dir: /home/i-use-gentoo-btw/Desktop/UntitledVulkanGameEngine/build/CMakeFiles/CMakeTmp

Run Build Command(s):/usr/bin/gmake cmTC_6a500/fast && /usr/bin/gmake  -f CMakeFiles/cmTC_6a500.dir/build.make CMakeFiles/cmTC_6a500.dir/build
gmake[1]: Entering directory '/home/i-use-gentoo-btw/Desktop/UntitledVulkanGameEngine/build/CMakeFiles/CMakeTmp'
Building CXX object CMakeFiles/cmTC_6a500.dir/src.cxx.o
/usr/bin/c++ -DHAVE_STD_ALIGNED_ALLOC  -std=gnu++14 -o CMakeFiles/cmTC_6a500.dir/src.cxx.o -c /home/i-use-gentoo-btw/Desktop/UntitledVulkanGameEngine/build/CMakeFiles/CMakeTmp/src.cxx
/home/i-use-gentoo-btw/Desktop/UntitledVulkanGameEngine/build/CMakeFiles/CMakeTmp/src.cxx: In function ‘int main()’:
/home/i-use-gentoo-btw/Desktop/UntitledVulkanGameEngine/build/CMakeFiles/CMakeTmp/src.cxx:4:20: error: ‘aligned_alloc’ is not a member of ‘std’; did you mean ‘aligned_alloc’?
    4 |     void *ptr{std::aligned_alloc(alignof(int), sizeof(int))};
      |                    ^~~~~~~~~~~~~
In file included from /usr/lib/gcc/x86_64-pc-linux-gnu/9.2.0/include/g++-v9.2.0/cstdlib:75,
                 from /home/i-use-gentoo-btw/Desktop/UntitledVulkanGameEngine/build/CMakeFiles/CMakeTmp/src.cxx:1:
/usr/include/stdlib.h:583:14: note: ‘aligned_alloc’ declared here
  583 | extern void *aligned_alloc (size_t __alignment, size_t __size)
      |              ^~~~~~~~~~~~~
gmake[1]: *** [CMakeFiles/cmTC_6a500.dir/build.make:85: CMakeFiles/cmTC_6a500.dir/src.cxx.o] Error 1
gmake[1]: Leaving directory '/home/i-use-gentoo-btw/Desktop/UntitledVulkanGameEngine/build/CMakeFiles/CMakeTmp'
gmake: *** [Makefile:140: cmTC_6a500/fast] Error 2


Source file was:
#include <cstdlib>
int main()
{
    void *ptr{std::aligned_alloc(alignof(int), sizeof(int))};
    std::free(ptr);
    return 0;
}
Determining if the _aligned_malloc exist failed with the following output:
Change Dir: /home/i-use-gentoo-btw/Desktop/UntitledVulkanGameEngine/build/CMakeFiles/CMakeTmp

Run Build Command(s):/usr/bin/gmake cmTC_633bf/fast && /usr/bin/gmake  -f CMakeFiles/cmTC_633bf.dir/build.make CMakeFiles/cmTC_633bf.dir/build
gmake[1]: Entering directory '/home/i-use-gentoo-btw/Desktop/UntitledVulkanGameEngine/build/CMakeFiles/CMakeTmp'
Building C object CMakeFiles/cmTC_633bf.dir/CheckSymbolExists.c.o
/usr/bin/cc    -o CMakeFiles/cmTC_633bf.dir/CheckSymbolExists.c.o -c /home/i-use-gentoo-btw/Desktop/UntitledVulkanGameEngine/build/CMakeFiles/CMakeTmp/CheckSymbolExists.c
/home/i-use-gentoo-btw/Desktop/UntitledVulkanGameEngine/build/CMakeFiles/CMakeTmp/CheckSymbolExists.c: In function ‘main’:
/home/i-use-gentoo-btw/Desktop/UntitledVulkanGameEngine/build/CMakeFiles/CMakeTmp/CheckSymbolExists.c:8:19: error: ‘_aligned_malloc’ undeclared (first use in this function)
    8 |   return ((int*)(&_aligned_malloc))[argc];
      |                   ^~~~~~~~~~~~~~~
/home/i-use-gentoo-btw/Desktop/UntitledVulkanGameEngine/build/CMakeFiles/CMakeTmp/CheckSymbolExists.c:8:19: note: each undeclared identifier is reported only once for each function it appears in
gmake[1]: *** [CMakeFiles/cmTC_633bf.dir/build.make:85: CMakeFiles/cmTC_633bf.dir/CheckSymbolExists.c.o] Error 1
gmake[1]: Leaving directory '/home/i-use-gentoo-btw/Desktop/UntitledVulkanGameEngine/build/CMakeFiles/CMakeTmp'
gmake: *** [Makefile:140: cmTC_633bf/fast] Error 2


File /home/i-use-gentoo-btw/Desktop/UntitledVulkanGameEngine/build/CMakeFiles/CMakeTmp/CheckSymbolExists.c:
/* */
#include <malloc.h>

int main(int argc, char** argv)
{
  (void)argv;
#ifndef _aligned_malloc
  return ((int*)(&_aligned_malloc))[argc];
#else
  (void)argc;
  return 0;
#endif
}
Determining if the proc_pidpath exist failed with the following output:
Change Dir: /home/i-use-gentoo-btw/Desktop/UntitledVulkanGameEngine/build/CMakeFiles/CMakeTmp

Run Build Command(s):/usr/bin/gmake cmTC_7078c/fast && /usr/bin/gmake  -f CMakeFiles/cmTC_7078c.dir/build.make CMakeFiles/cmTC_7078c.dir/build
gmake[1]: Entering directory '/home/i-use-gentoo-btw/Desktop/UntitledVulkanGameEngine/build/CMakeFiles/CMakeTmp'
Building C object CMakeFiles/cmTC_7078c.dir/CheckSymbolExists.c.o
/usr/bin/cc    -o CMakeFiles/cmTC_7078c.dir/CheckSymbolExists.c.o -c /home/i-use-gentoo-btw/Desktop/UntitledVulkanGameEngine/build/CMakeFiles/CMakeTmp/CheckSymbolExists.c
/home/i-use-gentoo-btw/Desktop/UntitledVulkanGameEngine/build/CMakeFiles/CMakeTmp/CheckSymbolExists.c:2:10: fatal error: libproc.h: No such file or directory
    2 | #include <libproc.h>
      |          ^~~~~~~~~~~
compilation terminated.
gmake[1]: *** [CMakeFiles/cmTC_7078c.dir/build.make:85: CMakeFiles/cmTC_7078c.dir/CheckSymbolExists.c.o] Error 1
gmake[1]: Leaving directory '/home/i-use-gentoo-btw/Desktop/UntitledVulkanGameEngine/build/CMakeFiles/CMakeTmp'
gmake: *** [Makefile:140: cmTC_7078c/fast] Error 2


File /home/i-use-gentoo-btw/Desktop/UntitledVulkanGameEngine/build/CMakeFiles/CMakeTmp/CheckSymbolExists.c:
/* */
#include <libproc.h>

int main(int argc, char** argv)
{
  (void)argv;
#ifndef proc_pidpath
  return ((int*)(&proc_pidpath))[argc];
#else
  (void)argc;
  return 0;
#endif
}
Determining if files pthread.h;pthread_np.h exist failed with the following output:
Change Dir: /home/i-use-gentoo-btw/Desktop/UntitledVulkanGameEngine/build/CMakeFiles/CMakeTmp

Run Build Command(s):/usr/bin/gmake cmTC_330e9/fast && /usr/bin/gmake  -f CMakeFiles/cmTC_330e9.dir/build.make CMakeFiles/cmTC_330e9.dir/build
gmake[1]: Entering directory '/home/i-use-gentoo-btw/Desktop/UntitledVulkanGameEngine/build/CMakeFiles/CMakeTmp'
Building C object CMakeFiles/cmTC_330e9.dir/HAVE_PTHREAD_NP_H.c.o
/usr/bin/cc   -pthread -o CMakeFiles/cmTC_330e9.dir/HAVE_PTHREAD_NP_H.c.o -c /home/i-use-gentoo-btw/Desktop/UntitledVulkanGameEngine/build/CMakeFiles/CheckIncludeFiles/HAVE_PTHREAD_NP_H.c
/home/i-use-gentoo-btw/Desktop/UntitledVulkanGameEngine/build/CMakeFiles/CheckIncludeFiles/HAVE_PTHREAD_NP_H.c:3:10: fatal error: pthread_np.h: No such file or directory
    3 | #include <pthread_np.h>
      |          ^~~~~~~~~~~~~~
compilation terminated.
gmake[1]: *** [CMakeFiles/cmTC_330e9.dir/build.make:85: CMakeFiles/cmTC_330e9.dir/HAVE_PTHREAD_NP_H.c.o] Error 1
gmake[1]: Leaving directory '/home/i-use-gentoo-btw/Desktop/UntitledVulkanGameEngine/build/CMakeFiles/CMakeTmp'
gmake: *** [Makefile:140: cmTC_330e9/fast] Error 2


Source:
/* */
#include <pthread.h>
#include <pthread_np.h>


int main(void){return 0;}

Determining if the pthread_setname_np exist failed with the following output:
Change Dir: /home/i-use-gentoo-btw/Desktop/UntitledVulkanGameEngine/build/CMakeFiles/CMakeTmp

Run Build Command(s):/usr/bin/gmake cmTC_79c64/fast && /usr/bin/gmake  -f CMakeFiles/cmTC_79c64.dir/build.make CMakeFiles/cmTC_79c64.dir/build
gmake[1]: Entering directory '/home/i-use-gentoo-btw/Desktop/UntitledVulkanGameEngine/build/CMakeFiles/CMakeTmp'
Building C object CMakeFiles/cmTC_79c64.dir/CheckSymbolExists.c.o
/usr/bin/cc   -pthread -o CMakeFiles/cmTC_79c64.dir/CheckSymbolExists.c.o -c /home/i-use-gentoo-btw/Desktop/UntitledVulkanGameEngine/build/CMakeFiles/CMakeTmp/CheckSymbolExists.c
/home/i-use-gentoo-btw/Desktop/UntitledVulkanGameEngine/build/CMakeFiles/CMakeTmp/CheckSymbolExists.c: In function ‘main’:
/home/i-use-gentoo-btw/Desktop/UntitledVulkanGameEngine/build/CMakeFiles/CMakeTmp/CheckSymbolExists.c:8:19: error: ‘pthread_setname_np’ undeclared (first use in this function); did you mean ‘pthread_setcanceltype’?
    8 |   return ((int*)(&pthread_setname_np))[argc];
      |                   ^~~~~~~~~~~~~~~~~~
      |                   pthread_setcanceltype
/home/i-use-gentoo-btw/Desktop/UntitledVulkanGameEngine/build/CMakeFiles/CMakeTmp/CheckSymbolExists.c:8:19: note: each undeclared identifier is reported only once for each function it appears in
gmake[1]: *** [CMakeFiles/cmTC_79c64.dir/build.make:85: CMakeFiles/cmTC_79c64.dir/CheckSymbolExists.c.o] Error 1
gmake[1]: Leaving directory '/home/i-use-gentoo-btw/Desktop/UntitledVulkanGameEngine/build/CMakeFiles/CMakeTmp'
gmake: *** [Makefile:140: cmTC_79c64/fast] Error 2


File /home/i-use-gentoo-btw/Desktop/UntitledVulkanGameEngine/build/CMakeFiles/CMakeTmp/CheckSymbolExists.c:
/* */
#include <pthread.h>

int main(int argc, char** argv)
{
  (void)argv;
#ifndef pthread_setname_np
  return ((int*)(&pthread_setname_np))[argc];
#else
  (void)argc;
  return 0;
#endif
}
Determining if the pthread_set_name_np exist failed with the following output:
Change Dir: /home/i-use-gentoo-btw/Desktop/UntitledVulkanGameEngine/build/CMakeFiles/CMakeTmp

Run Build Command(s):/usr/bin/gmake cmTC_9f467/fast && /usr/bin/gmake  -f CMakeFiles/cmTC_9f467.dir/build.make CMakeFiles/cmTC_9f467.dir/build
gmake[1]: Entering directory '/home/i-use-gentoo-btw/Desktop/UntitledVulkanGameEngine/build/CMakeFiles/CMakeTmp'
Building C object CMakeFiles/cmTC_9f467.dir/CheckSymbolExists.c.o
/usr/bin/cc   -pthread -o CMakeFiles/cmTC_9f467.dir/CheckSymbolExists.c.o -c /home/i-use-gentoo-btw/Desktop/UntitledVulkanGameEngine/build/CMakeFiles/CMakeTmp/CheckSymbolExists.c
/home/i-use-gentoo-btw/Desktop/UntitledVulkanGameEngine/build/CMakeFiles/CMakeTmp/CheckSymbolExists.c: In function ‘main’:
/home/i-use-gentoo-btw/Desktop/UntitledVulkanGameEngine/build/CMakeFiles/CMakeTmp/CheckSymbolExists.c:8:19: error: ‘pthread_set_name_np’ undeclared (first use in this function); did you mean ‘pthread_setcanceltype’?
    8 |   return ((int*)(&pthread_set_name_np))[argc];
      |                   ^~~~~~~~~~~~~~~~~~~
      |                   pthread_setcanceltype
/home/i-use-gentoo-btw/Desktop/UntitledVulkanGameEngine/build/CMakeFiles/CMakeTmp/CheckSymbolExists.c:8:19: note: each undeclared identifier is reported only once for each function it appears in
gmake[1]: *** [CMakeFiles/cmTC_9f467.dir/build.make:85: CMakeFiles/cmTC_9f467.dir/CheckSymbolExists.c.o] Error 1
gmake[1]: Leaving directory '/home/i-use-gentoo-btw/Desktop/UntitledVulkanGameEngine/build/CMakeFiles/CMakeTmp'
gmake: *** [Makefile:140: cmTC_9f467/fast] Error 2


File /home/i-use-gentoo-btw/Desktop/UntitledVulkanGameEngine/build/CMakeFiles/CMakeTmp/CheckSymbolExists.c:
/* */
#include <pthread.h>

int main(int argc, char** argv)
{
  (void)argv;
#ifndef pthread_set_name_np
  return ((int*)(&pthread_set_name_np))[argc];
#else
  (void)argc;
  return 0;
#endif
}
